{"/home/ubuntu/limosa/lib/RouterBuilder.js":{"path":"/home/ubuntu/limosa/lib/RouterBuilder.js","s":{"1":1,"2":1,"3":1,"4":1,"5":1,"6":1,"7":1,"8":1,"9":1,"10":1,"11":1,"12":1,"13":1,"14":1,"15":1,"16":1,"17":1,"18":1,"19":1,"20":1,"21":1,"22":1,"23":1,"24":10,"25":1,"26":1,"27":1,"28":1,"29":1,"30":1,"31":1,"32":1,"33":2,"34":1,"35":1,"36":1,"37":1,"38":0,"39":0,"40":0,"41":0,"42":0,"43":0,"44":0,"45":1,"46":1,"47":1,"48":1,"49":1,"50":1,"51":1,"52":1,"53":14,"54":14,"55":14,"56":0,"57":0,"58":4,"59":4,"60":4,"61":1,"62":0,"63":0,"64":1,"65":1,"66":1,"67":1,"68":1,"69":1,"70":7,"71":7,"72":6,"73":7,"74":7,"75":0,"76":7,"77":0,"78":0,"79":0,"80":0,"81":0,"82":7,"83":4,"84":8,"85":3,"86":6,"87":6,"88":7,"89":7,"90":9,"91":7,"92":7,"93":14,"94":14,"95":14,"96":14,"97":14,"98":2,"99":12,"100":0,"101":12,"102":14,"103":14,"104":2,"105":12,"106":0,"107":14,"108":14,"109":6,"110":8,"111":4,"112":4,"113":14,"114":18,"115":6,"116":6,"117":4,"118":0,"119":2,"120":2,"121":0,"122":6,"123":12,"124":4,"125":8,"126":14,"127":2,"128":12,"129":0,"130":14,"131":14,"132":14,"133":14,"134":14,"135":20,"136":20,"137":20,"138":20,"139":2,"140":2,"141":18,"142":20,"143":14,"144":2,"145":14,"146":0,"147":14,"148":14,"149":14,"150":4,"151":4,"152":4,"153":10,"154":14,"155":7,"156":1,"157":1,"158":1,"159":1},"b":{"1":[9,1],"2":[10,10],"3":[2,2],"4":[2,2],"5":[2,2],"6":[0,0],"7":[0,0],"8":[0,0],"9":[0,0],"10":[0,0],"11":[4,3],"12":[4,3],"13":[4,3],"14":[0,1],"15":[6,1],"16":[7,0],"17":[0,7],"18":[0,0],"19":[0,0],"20":[4,3],"21":[1,6],"22":[2,12],"23":[14,12],"24":[0,12],"25":[12,10],"26":[2,12],"27":[0,12],"28":[6,8],"29":[14,12],"30":[4,4],"31":[6,12],"32":[18,14],"33":[4,2],"34":[0,4],"35":[2,0],"36":[0,6],"37":[4,8],"38":[2,12],"39":[14,12],"40":[0,12],"41":[12,10],"42":[2,12],"43":[20,0],"44":[2,18],"45":[2,12],"46":[0,14],"47":[4,10],"48":[2,2],"49":[2,12]},"f":{"1":10,"2":1,"3":1,"4":2,"5":1,"6":0,"7":1,"8":14,"9":0,"10":4,"11":1,"12":1,"13":7,"14":14,"15":1},"fnMap":{"1":{"name":"_interopRequireDefault","line":52,"loc":{"start":{"line":52,"column":0},"end":{"line":52,"column":37}}},"2":{"name":"(anonymous_2)","line":68,"loc":{"start":{"line":68,"column":15},"end":{"line":68,"column":40}}},"3":{"name":"(anonymous_3)","line":83,"loc":{"start":{"line":83,"column":7},"end":{"line":83,"column":72}}},"4":{"name":"(anonymous_4)","line":99,"loc":{"start":{"line":99,"column":16},"end":{"line":99,"column":81}}},"5":{"name":"(anonymous_5)","line":111,"loc":{"start":{"line":111,"column":16},"end":{"line":111,"column":71}}},"6":{"name":"(anonymous_6)","line":127,"loc":{"start":{"line":127,"column":14},"end":{"line":127,"column":48}}},"7":{"name":"(anonymous_7)","line":144,"loc":{"start":{"line":144,"column":15},"end":{"line":144,"column":46}}},"8":{"name":"(anonymous_8)","line":160,"loc":{"start":{"line":160,"column":13},"end":{"line":160,"column":28}}},"9":{"name":"(anonymous_9)","line":169,"loc":{"start":{"line":169,"column":11},"end":{"line":169,"column":20}}},"10":{"name":"(anonymous_10)","line":188,"loc":{"start":{"line":188,"column":7},"end":{"line":188,"column":72}}},"11":{"name":"(anonymous_11)","line":201,"loc":{"start":{"line":201,"column":14},"end":{"line":201,"column":48}}},"12":{"name":"(anonymous_12)","line":221,"loc":{"start":{"line":221,"column":23},"end":{"line":221,"column":77}}},"13":{"name":"(anonymous_13)","line":235,"loc":{"start":{"line":235,"column":16},"end":{"line":235,"column":125}}},"14":{"name":"buildParts","line":346,"loc":{"start":{"line":346,"column":60},"end":{"line":346,"column":95}}},"15":{"name":"(anonymous_15)","line":395,"loc":{"start":{"line":395,"column":20},"end":{"line":395,"column":23}}}},"statementMap":{"1":{"start":{"line":3,"column":0},"end":{"line":5,"column":3}},"2":{"start":{"line":6,"column":0},"end":{"line":6,"column":28}},"3":{"start":{"line":8,"column":0},"end":{"line":8,"column":40}},"4":{"start":{"line":10,"column":0},"end":{"line":10,"column":55}},"5":{"start":{"line":12,"column":0},"end":{"line":12,"column":34}},"6":{"start":{"line":14,"column":0},"end":{"line":14,"column":47}},"7":{"start":{"line":16,"column":0},"end":{"line":16,"column":44}},"8":{"start":{"line":18,"column":0},"end":{"line":18,"column":45}},"9":{"start":{"line":20,"column":0},"end":{"line":20,"column":48}},"10":{"start":{"line":22,"column":0},"end":{"line":22,"column":49}},"11":{"start":{"line":24,"column":0},"end":{"line":24,"column":42}},"12":{"start":{"line":26,"column":0},"end":{"line":26,"column":43}},"13":{"start":{"line":28,"column":0},"end":{"line":28,"column":59}},"14":{"start":{"line":30,"column":0},"end":{"line":30,"column":59}},"15":{"start":{"line":32,"column":0},"end":{"line":32,"column":87}},"16":{"start":{"line":34,"column":0},"end":{"line":34,"column":87}},"17":{"start":{"line":36,"column":0},"end":{"line":36,"column":93}},"18":{"start":{"line":38,"column":0},"end":{"line":38,"column":93}},"19":{"start":{"line":40,"column":0},"end":{"line":40,"column":77}},"20":{"start":{"line":42,"column":0},"end":{"line":42,"column":77}},"21":{"start":{"line":44,"column":0},"end":{"line":44,"column":79}},"22":{"start":{"line":46,"column":0},"end":{"line":46,"column":79}},"23":{"start":{"line":52,"column":0},"end":{"line":52,"column":95}},"24":{"start":{"line":52,"column":39},"end":{"line":52,"column":93}},"25":{"start":{"line":62,"column":0},"end":{"line":138,"column":2}},"26":{"start":{"line":69,"column":8},"end":{"line":69,"column":31}},"27":{"start":{"line":70,"column":8},"end":{"line":70,"column":27}},"28":{"start":{"line":71,"column":8},"end":{"line":71,"column":29}},"29":{"start":{"line":84,"column":8},"end":{"line":84,"column":104}},"30":{"start":{"line":85,"column":8},"end":{"line":85,"column":41}},"31":{"start":{"line":86,"column":8},"end":{"line":86,"column":63}},"32":{"start":{"line":87,"column":8},"end":{"line":87,"column":20}},"33":{"start":{"line":100,"column":8},"end":{"line":100,"column":208}},"34":{"start":{"line":112,"column":8},"end":{"line":112,"column":98}},"35":{"start":{"line":115,"column":8},"end":{"line":115,"column":41}},"36":{"start":{"line":116,"column":8},"end":{"line":116,"column":63}},"37":{"start":{"line":117,"column":8},"end":{"line":117,"column":20}},"38":{"start":{"line":128,"column":8},"end":{"line":131,"column":9}},"39":{"start":{"line":129,"column":12},"end":{"line":129,"column":35}},"40":{"start":{"line":130,"column":12},"end":{"line":130,"column":25}},"41":{"start":{"line":133,"column":8},"end":{"line":133,"column":128}},"42":{"start":{"line":134,"column":8},"end":{"line":134,"column":81}},"43":{"start":{"line":135,"column":8},"end":{"line":135,"column":30}},"44":{"start":{"line":136,"column":8},"end":{"line":136,"column":42}},"45":{"start":{"line":139,"column":0},"end":{"line":402,"column":2}},"46":{"start":{"line":145,"column":8},"end":{"line":145,"column":54}},"47":{"start":{"line":146,"column":8},"end":{"line":146,"column":34}},"48":{"start":{"line":147,"column":8},"end":{"line":147,"column":63}},"49":{"start":{"line":149,"column":8},"end":{"line":149,"column":52}},"50":{"start":{"line":150,"column":8},"end":{"line":150,"column":55}},"51":{"start":{"line":151,"column":8},"end":{"line":151,"column":66}},"52":{"start":{"line":152,"column":8},"end":{"line":152,"column":87}},"53":{"start":{"line":161,"column":8},"end":{"line":161,"column":45}},"54":{"start":{"line":162,"column":8},"end":{"line":162,"column":78}},"55":{"start":{"line":163,"column":8},"end":{"line":163,"column":27}},"56":{"start":{"line":170,"column":8},"end":{"line":176,"column":11}},"57":{"start":{"line":171,"column":12},"end":{"line":175,"column":15}},"58":{"start":{"line":189,"column":8},"end":{"line":189,"column":206}},"59":{"start":{"line":190,"column":8},"end":{"line":190,"column":46}},"60":{"start":{"line":191,"column":8},"end":{"line":191,"column":20}},"61":{"start":{"line":202,"column":8},"end":{"line":205,"column":9}},"62":{"start":{"line":203,"column":12},"end":{"line":203,"column":35}},"63":{"start":{"line":204,"column":12},"end":{"line":204,"column":25}},"64":{"start":{"line":207,"column":8},"end":{"line":207,"column":119}},"65":{"start":{"line":208,"column":8},"end":{"line":208,"column":73}},"66":{"start":{"line":209,"column":8},"end":{"line":209,"column":30}},"67":{"start":{"line":210,"column":8},"end":{"line":210,"column":47}},"68":{"start":{"line":211,"column":8},"end":{"line":211,"column":20}},"69":{"start":{"line":222,"column":8},"end":{"line":222,"column":114}},"70":{"start":{"line":236,"column":8},"end":{"line":236,"column":32}},"71":{"start":{"line":237,"column":8},"end":{"line":240,"column":9}},"72":{"start":{"line":238,"column":12},"end":{"line":238,"column":79}},"73":{"start":{"line":242,"column":8},"end":{"line":246,"column":9}},"74":{"start":{"line":243,"column":12},"end":{"line":243,"column":35}},"75":{"start":{"line":245,"column":12},"end":{"line":245,"column":63}},"76":{"start":{"line":250,"column":8},"end":{"line":268,"column":9}},"77":{"start":{"line":251,"column":12},"end":{"line":259,"column":15}},"78":{"start":{"line":252,"column":16},"end":{"line":258,"column":17}},"79":{"start":{"line":253,"column":20},"end":{"line":257,"column":21}},"80":{"start":{"line":254,"column":24},"end":{"line":254,"column":55}},"81":{"start":{"line":256,"column":24},"end":{"line":256,"column":93}},"82":{"start":{"line":260,"column":15},"end":{"line":268,"column":9}},"83":{"start":{"line":261,"column":12},"end":{"line":263,"column":15}},"84":{"start":{"line":262,"column":16},"end":{"line":262,"column":47}},"85":{"start":{"line":265,"column":12},"end":{"line":267,"column":15}},"86":{"start":{"line":266,"column":16},"end":{"line":266,"column":130}},"87":{"start":{"line":266,"column":95},"end":{"line":266,"column":127}},"88":{"start":{"line":270,"column":8},"end":{"line":270,"column":30}},"89":{"start":{"line":271,"column":8},"end":{"line":273,"column":11}},"90":{"start":{"line":272,"column":12},"end":{"line":272,"column":39}},"91":{"start":{"line":276,"column":8},"end":{"line":276,"column":164}},"92":{"start":{"line":278,"column":8},"end":{"line":387,"column":11}},"93":{"start":{"line":279,"column":12},"end":{"line":279,"column":62}},"94":{"start":{"line":280,"column":12},"end":{"line":280,"column":35}},"95":{"start":{"line":281,"column":12},"end":{"line":281,"column":36}},"96":{"start":{"line":282,"column":12},"end":{"line":282,"column":32}},"97":{"start":{"line":284,"column":12},"end":{"line":290,"column":13}},"98":{"start":{"line":285,"column":16},"end":{"line":285,"column":57}},"99":{"start":{"line":286,"column":19},"end":{"line":290,"column":13}},"100":{"start":{"line":287,"column":16},"end":{"line":287,"column":79}},"101":{"start":{"line":289,"column":16},"end":{"line":289,"column":44}},"102":{"start":{"line":292,"column":12},"end":{"line":292,"column":174}},"103":{"start":{"line":294,"column":12},"end":{"line":299,"column":13}},"104":{"start":{"line":295,"column":16},"end":{"line":295,"column":72}},"105":{"start":{"line":296,"column":19},"end":{"line":299,"column":13}},"106":{"start":{"line":298,"column":16},"end":{"line":298,"column":112}},"107":{"start":{"line":301,"column":12},"end":{"line":311,"column":17}},"108":{"start":{"line":302,"column":16},"end":{"line":304,"column":17}},"109":{"start":{"line":303,"column":20},"end":{"line":303,"column":30}},"110":{"start":{"line":306,"column":16},"end":{"line":308,"column":17}},"111":{"start":{"line":307,"column":20},"end":{"line":307,"column":44}},"112":{"start":{"line":310,"column":16},"end":{"line":310,"column":45}},"113":{"start":{"line":313,"column":12},"end":{"line":334,"column":15}},"114":{"start":{"line":314,"column":16},"end":{"line":327,"column":17}},"115":{"start":{"line":315,"column":20},"end":{"line":315,"column":71}},"116":{"start":{"line":316,"column":20},"end":{"line":324,"column":21}},"117":{"start":{"line":317,"column":24},"end":{"line":319,"column":25}},"118":{"start":{"line":318,"column":28},"end":{"line":318,"column":90}},"119":{"start":{"line":320,"column":27},"end":{"line":324,"column":21}},"120":{"start":{"line":321,"column":24},"end":{"line":321,"column":57}},"121":{"start":{"line":323,"column":24},"end":{"line":323,"column":56}},"122":{"start":{"line":326,"column":20},"end":{"line":326,"column":103}},"123":{"start":{"line":329,"column":16},"end":{"line":331,"column":17}},"124":{"start":{"line":330,"column":20},"end":{"line":330,"column":38}},"125":{"start":{"line":333,"column":16},"end":{"line":333,"column":36}},"126":{"start":{"line":336,"column":12},"end":{"line":340,"column":13}},"127":{"start":{"line":337,"column":16},"end":{"line":337,"column":51}},"128":{"start":{"line":338,"column":19},"end":{"line":340,"column":13}},"129":{"start":{"line":339,"column":16},"end":{"line":339,"column":73}},"130":{"start":{"line":342,"column":12},"end":{"line":342,"column":87}},"131":{"start":{"line":343,"column":12},"end":{"line":375,"column":25}},"132":{"start":{"line":347,"column":16},"end":{"line":347,"column":33}},"133":{"start":{"line":348,"column":16},"end":{"line":348,"column":30}},"134":{"start":{"line":349,"column":16},"end":{"line":364,"column":19}},"135":{"start":{"line":350,"column":20},"end":{"line":352,"column":21}},"136":{"start":{"line":351,"column":24},"end":{"line":351,"column":109}},"137":{"start":{"line":354,"column":20},"end":{"line":354,"column":50}},"138":{"start":{"line":356,"column":20},"end":{"line":361,"column":21}},"139":{"start":{"line":357,"column":24},"end":{"line":357,"column":77}},"140":{"start":{"line":358,"column":24},"end":{"line":358,"column":100}},"141":{"start":{"line":360,"column":24},"end":{"line":360,"column":99}},"142":{"start":{"line":363,"column":20},"end":{"line":363,"column":33}},"143":{"start":{"line":366,"column":16},"end":{"line":368,"column":17}},"144":{"start":{"line":367,"column":20},"end":{"line":367,"column":97}},"145":{"start":{"line":370,"column":16},"end":{"line":372,"column":17}},"146":{"start":{"line":371,"column":20},"end":{"line":371,"column":51}},"147":{"start":{"line":374,"column":16},"end":{"line":374,"column":66}},"148":{"start":{"line":377,"column":12},"end":{"line":377,"column":34}},"149":{"start":{"line":378,"column":12},"end":{"line":384,"column":13}},"150":{"start":{"line":379,"column":16},"end":{"line":379,"column":79}},"151":{"start":{"line":380,"column":16},"end":{"line":380,"column":125}},"152":{"start":{"line":381,"column":16},"end":{"line":381,"column":87}},"153":{"start":{"line":383,"column":16},"end":{"line":383,"column":81}},"154":{"start":{"line":386,"column":12},"end":{"line":386,"column":156}},"155":{"start":{"line":389,"column":8},"end":{"line":389,"column":26}},"156":{"start":{"line":396,"column":8},"end":{"line":398,"column":11}},"157":{"start":{"line":397,"column":12},"end":{"line":397,"column":155}},"158":{"start":{"line":400,"column":8},"end":{"line":400,"column":20}},"159":{"start":{"line":403,"column":0},"end":{"line":403,"column":32}}},"branchMap":{"1":{"line":52,"type":"cond-expr","locations":[{"start":{"line":52,"column":70},"end":{"line":52,"column":73}},{"start":{"line":52,"column":76},"end":{"line":52,"column":92}}]},"2":{"line":52,"type":"binary-expr","locations":[{"start":{"line":52,"column":46},"end":{"line":52,"column":49}},{"start":{"line":52,"column":53},"end":{"line":52,"column":67}}]},"3":{"line":100,"type":"binary-expr","locations":[{"start":{"line":100,"column":105},"end":{"line":100,"column":112}},{"start":{"line":100,"column":116},"end":{"line":100,"column":145}}]},"4":{"line":100,"type":"binary-expr","locations":[{"start":{"line":100,"column":147},"end":{"line":100,"column":154}},{"start":{"line":100,"column":158},"end":{"line":100,"column":176}}]},"5":{"line":100,"type":"binary-expr","locations":[{"start":{"line":100,"column":178},"end":{"line":100,"column":185}},{"start":{"line":100,"column":189},"end":{"line":100,"column":206}}]},"6":{"line":128,"type":"if","locations":[{"start":{"line":128,"column":8},"end":{"line":128,"column":8}},{"start":{"line":128,"column":8},"end":{"line":128,"column":8}}]},"7":{"line":172,"type":"cond-expr","locations":[{"start":{"line":172,"column":58},"end":{"line":172,"column":66}},{"start":{"line":172,"column":69},"end":{"line":172,"column":78}}]},"8":{"line":173,"type":"cond-expr","locations":[{"start":{"line":173,"column":47},"end":{"line":173,"column":61}},{"start":{"line":173,"column":64},"end":{"line":173,"column":66}}]},"9":{"line":173,"type":"binary-expr","locations":[{"start":{"line":173,"column":47},"end":{"line":173,"column":55}},{"start":{"line":173,"column":59},"end":{"line":173,"column":61}}]},"10":{"line":174,"type":"cond-expr","locations":[{"start":{"line":174,"column":46},"end":{"line":174,"column":54}},{"start":{"line":174,"column":57},"end":{"line":174,"column":66}}]},"11":{"line":189,"type":"binary-expr","locations":[{"start":{"line":189,"column":103},"end":{"line":189,"column":110}},{"start":{"line":189,"column":114},"end":{"line":189,"column":143}}]},"12":{"line":189,"type":"binary-expr","locations":[{"start":{"line":189,"column":145},"end":{"line":189,"column":152}},{"start":{"line":189,"column":156},"end":{"line":189,"column":174}}]},"13":{"line":189,"type":"binary-expr","locations":[{"start":{"line":189,"column":176},"end":{"line":189,"column":183}},{"start":{"line":189,"column":187},"end":{"line":189,"column":204}}]},"14":{"line":202,"type":"if","locations":[{"start":{"line":202,"column":8},"end":{"line":202,"column":8}},{"start":{"line":202,"column":8},"end":{"line":202,"column":8}}]},"15":{"line":237,"type":"if","locations":[{"start":{"line":237,"column":8},"end":{"line":237,"column":8}},{"start":{"line":237,"column":8},"end":{"line":237,"column":8}}]},"16":{"line":242,"type":"if","locations":[{"start":{"line":242,"column":8},"end":{"line":242,"column":8}},{"start":{"line":242,"column":8},"end":{"line":242,"column":8}}]},"17":{"line":250,"type":"if","locations":[{"start":{"line":250,"column":8},"end":{"line":250,"column":8}},{"start":{"line":250,"column":8},"end":{"line":250,"column":8}}]},"18":{"line":252,"type":"if","locations":[{"start":{"line":252,"column":16},"end":{"line":252,"column":16}},{"start":{"line":252,"column":16},"end":{"line":252,"column":16}}]},"19":{"line":253,"type":"if","locations":[{"start":{"line":253,"column":20},"end":{"line":253,"column":20}},{"start":{"line":253,"column":20},"end":{"line":253,"column":20}}]},"20":{"line":260,"type":"if","locations":[{"start":{"line":260,"column":15},"end":{"line":260,"column":15}},{"start":{"line":260,"column":15},"end":{"line":260,"column":15}}]},"21":{"line":276,"type":"cond-expr","locations":[{"start":{"line":276,"column":37},"end":{"line":276,"column":70}},{"start":{"line":276,"column":73},"end":{"line":276,"column":163}}]},"22":{"line":284,"type":"if","locations":[{"start":{"line":284,"column":12},"end":{"line":284,"column":12}},{"start":{"line":284,"column":12},"end":{"line":284,"column":12}}]},"23":{"line":284,"type":"binary-expr","locations":[{"start":{"line":284,"column":16},"end":{"line":284,"column":24}},{"start":{"line":284,"column":29},"end":{"line":284,"column":66}}]},"24":{"line":286,"type":"if","locations":[{"start":{"line":286,"column":19},"end":{"line":286,"column":19}},{"start":{"line":286,"column":19},"end":{"line":286,"column":19}}]},"25":{"line":286,"type":"binary-expr","locations":[{"start":{"line":286,"column":23},"end":{"line":286,"column":31}},{"start":{"line":286,"column":36},"end":{"line":286,"column":75}}]},"26":{"line":294,"type":"if","locations":[{"start":{"line":294,"column":12},"end":{"line":294,"column":12}},{"start":{"line":294,"column":12},"end":{"line":294,"column":12}}]},"27":{"line":296,"type":"if","locations":[{"start":{"line":296,"column":19},"end":{"line":296,"column":19}},{"start":{"line":296,"column":19},"end":{"line":296,"column":19}}]},"28":{"line":302,"type":"if","locations":[{"start":{"line":302,"column":16},"end":{"line":302,"column":16}},{"start":{"line":302,"column":16},"end":{"line":302,"column":16}}]},"29":{"line":302,"type":"binary-expr","locations":[{"start":{"line":302,"column":20},"end":{"line":302,"column":27}},{"start":{"line":302,"column":31},"end":{"line":302,"column":48}}]},"30":{"line":306,"type":"if","locations":[{"start":{"line":306,"column":16},"end":{"line":306,"column":16}},{"start":{"line":306,"column":16},"end":{"line":306,"column":16}}]},"31":{"line":314,"type":"if","locations":[{"start":{"line":314,"column":16},"end":{"line":314,"column":16}},{"start":{"line":314,"column":16},"end":{"line":314,"column":16}}]},"32":{"line":314,"type":"binary-expr","locations":[{"start":{"line":314,"column":20},"end":{"line":314,"column":41}},{"start":{"line":314,"column":45},"end":{"line":314,"column":77}}]},"33":{"line":316,"type":"if","locations":[{"start":{"line":316,"column":20},"end":{"line":316,"column":20}},{"start":{"line":316,"column":20},"end":{"line":316,"column":20}}]},"34":{"line":317,"type":"if","locations":[{"start":{"line":317,"column":24},"end":{"line":317,"column":24}},{"start":{"line":317,"column":24},"end":{"line":317,"column":24}}]},"35":{"line":320,"type":"if","locations":[{"start":{"line":320,"column":27},"end":{"line":320,"column":27}},{"start":{"line":320,"column":27},"end":{"line":320,"column":27}}]},"36":{"line":326,"type":"cond-expr","locations":[{"start":{"line":326,"column":49},"end":{"line":326,"column":59}},{"start":{"line":326,"column":62},"end":{"line":326,"column":102}}]},"37":{"line":329,"type":"if","locations":[{"start":{"line":329,"column":16},"end":{"line":329,"column":16}},{"start":{"line":329,"column":16},"end":{"line":329,"column":16}}]},"38":{"line":336,"type":"if","locations":[{"start":{"line":336,"column":12},"end":{"line":336,"column":12}},{"start":{"line":336,"column":12},"end":{"line":336,"column":12}}]},"39":{"line":336,"type":"binary-expr","locations":[{"start":{"line":336,"column":16},"end":{"line":336,"column":24}},{"start":{"line":336,"column":28},"end":{"line":336,"column":38}}]},"40":{"line":338,"type":"if","locations":[{"start":{"line":338,"column":19},"end":{"line":338,"column":19}},{"start":{"line":338,"column":19},"end":{"line":338,"column":19}}]},"41":{"line":338,"type":"binary-expr","locations":[{"start":{"line":338,"column":23},"end":{"line":338,"column":31}},{"start":{"line":338,"column":35},"end":{"line":338,"column":46}}]},"42":{"line":343,"type":"cond-expr","locations":[{"start":{"line":343,"column":51},"end":{"line":343,"column":55}},{"start":{"line":346,"column":60},"end":{"line":375,"column":24}}]},"43":{"line":350,"type":"if","locations":[{"start":{"line":350,"column":20},"end":{"line":350,"column":20}},{"start":{"line":350,"column":20},"end":{"line":350,"column":20}}]},"44":{"line":356,"type":"if","locations":[{"start":{"line":356,"column":20},"end":{"line":356,"column":20}},{"start":{"line":356,"column":20},"end":{"line":356,"column":20}}]},"45":{"line":366,"type":"if","locations":[{"start":{"line":366,"column":16},"end":{"line":366,"column":16}},{"start":{"line":366,"column":16},"end":{"line":366,"column":16}}]},"46":{"line":370,"type":"if","locations":[{"start":{"line":370,"column":16},"end":{"line":370,"column":16}},{"start":{"line":370,"column":16},"end":{"line":370,"column":16}}]},"47":{"line":378,"type":"if","locations":[{"start":{"line":378,"column":12},"end":{"line":378,"column":12}},{"start":{"line":378,"column":12},"end":{"line":378,"column":12}}]},"48":{"line":380,"type":"cond-expr","locations":[{"start":{"line":380,"column":53},"end":{"line":380,"column":64}},{"start":{"line":380,"column":67},"end":{"line":380,"column":124}}]},"49":{"line":386,"type":"cond-expr","locations":[{"start":{"line":386,"column":117},"end":{"line":386,"column":124}},{"start":{"line":386,"column":127},"end":{"line":386,"column":130}}]}}},"/home/ubuntu/limosa/lib/Router.js":{"path":"/home/ubuntu/limosa/lib/Router.js","s":{"1":1,"2":1,"3":1,"4":1,"5":1,"6":1,"7":1,"8":1,"9":1,"10":3,"11":1,"12":1,"13":1,"14":1,"15":1,"16":1,"17":6,"18":5,"19":4,"20":5,"21":6,"22":16,"23":16,"24":16,"25":28,"26":28,"27":82,"28":82,"29":0,"30":82,"31":0,"32":82,"33":82,"34":54,"35":28,"36":28,"37":28,"38":12,"39":12,"40":12,"41":12,"42":12,"43":12,"44":12,"45":12,"46":12,"47":12,"48":16,"49":28,"50":28,"51":16,"52":16,"53":16,"54":16,"55":16,"56":16,"57":10,"58":2,"59":10,"60":12,"61":12,"62":12,"63":10,"64":0,"65":16,"66":14,"67":12,"68":12,"69":14,"70":8,"71":8,"72":14,"73":12,"74":16,"75":4,"76":16,"77":3,"78":3,"79":3,"80":0,"81":1},"b":{"1":[3,0],"2":[3,3],"3":[4,1],"4":[0,16],"5":[16,16],"6":[0,82],"7":[0,82],"8":[54,28],"9":[12,16],"10":[12,0],"11":[12,0],"12":[12,0],"13":[2,14],"14":[16,14],"15":[10,6],"16":[2,8],"17":[12,0],"18":[0,10],"19":[14,2],"20":[12,2],"21":[8,6],"22":[12,2],"23":[4,12],"24":[16,8]},"f":{"1":3,"2":1,"3":6,"4":5,"5":6,"6":16,"7":28,"8":16,"9":3},"fnMap":{"1":{"name":"_interopRequireDefault","line":24,"loc":{"start":{"line":24,"column":0},"end":{"line":24,"column":37}}},"2":{"name":"(anonymous_2)","line":33,"loc":{"start":{"line":33,"column":15},"end":{"line":33,"column":36}}},"3":{"name":"(anonymous_3)","line":45,"loc":{"start":{"line":45,"column":7},"end":{"line":45,"column":13}}},"4":{"name":"(anonymous_4)","line":53,"loc":{"start":{"line":53,"column":12},"end":{"line":53,"column":30}}},"5":{"name":"(anonymous_5)","line":65,"loc":{"start":{"line":65,"column":21},"end":{"line":65,"column":39}}},"6":{"name":"(anonymous_6)","line":74,"loc":{"start":{"line":74,"column":8},"end":{"line":74,"column":15}}},"7":{"name":"(anonymous_7)","line":89,"loc":{"start":{"line":89,"column":14},"end":{"line":89,"column":62}}},"8":{"name":"(anonymous_8)","line":160,"loc":{"start":{"line":160,"column":16},"end":{"line":160,"column":76}}},"9":{"name":"(anonymous_9)","line":225,"loc":{"start":{"line":225,"column":16},"end":{"line":225,"column":41}}}},"statementMap":{"1":{"start":{"line":3,"column":0},"end":{"line":5,"column":3}},"2":{"start":{"line":6,"column":0},"end":{"line":6,"column":28}},"3":{"start":{"line":8,"column":0},"end":{"line":8,"column":44}},"4":{"start":{"line":10,"column":0},"end":{"line":10,"column":45}},"5":{"start":{"line":12,"column":0},"end":{"line":12,"column":48}},"6":{"start":{"line":14,"column":0},"end":{"line":14,"column":49}},"7":{"start":{"line":16,"column":0},"end":{"line":16,"column":33}},"8":{"start":{"line":18,"column":0},"end":{"line":18,"column":46}},"9":{"start":{"line":24,"column":0},"end":{"line":24,"column":95}},"10":{"start":{"line":24,"column":39},"end":{"line":24,"column":93}},"11":{"start":{"line":26,"column":0},"end":{"line":26,"column":35}},"12":{"start":{"line":27,"column":0},"end":{"line":27,"column":33}},"13":{"start":{"line":29,"column":0},"end":{"line":233,"column":2}},"14":{"start":{"line":34,"column":8},"end":{"line":34,"column":36}},"15":{"start":{"line":35,"column":8},"end":{"line":35,"column":26}},"16":{"start":{"line":36,"column":8},"end":{"line":36,"column":54}},"17":{"start":{"line":46,"column":8},"end":{"line":46,"column":40}},"18":{"start":{"line":54,"column":8},"end":{"line":56,"column":9}},"19":{"start":{"line":55,"column":12},"end":{"line":55,"column":52}},"20":{"start":{"line":58,"column":8},"end":{"line":58,"column":33}},"21":{"start":{"line":66,"column":8},"end":{"line":66,"column":45}},"22":{"start":{"line":75,"column":8},"end":{"line":75,"column":93}},"23":{"start":{"line":77,"column":8},"end":{"line":77,"column":99}},"24":{"start":{"line":78,"column":8},"end":{"line":78,"column":63}},"25":{"start":{"line":90,"column":8},"end":{"line":90,"column":19}},"26":{"start":{"line":91,"column":8},"end":{"line":145,"column":11}},"27":{"start":{"line":93,"column":12},"end":{"line":93,"column":44}},"28":{"start":{"line":94,"column":12},"end":{"line":96,"column":13}},"29":{"start":{"line":95,"column":16},"end":{"line":95,"column":97}},"30":{"start":{"line":98,"column":12},"end":{"line":100,"column":13}},"31":{"start":{"line":99,"column":16},"end":{"line":99,"column":86}},"32":{"start":{"line":102,"column":12},"end":{"line":102,"column":48}},"33":{"start":{"line":103,"column":12},"end":{"line":105,"column":13}},"34":{"start":{"line":104,"column":16},"end":{"line":104,"column":29}},"35":{"start":{"line":108,"column":12},"end":{"line":108,"column":26}},"36":{"start":{"line":109,"column":12},"end":{"line":109,"column":42}},"37":{"start":{"line":111,"column":12},"end":{"line":142,"column":17}},"38":{"start":{"line":112,"column":16},"end":{"line":112,"column":58}},"39":{"start":{"line":115,"column":16},"end":{"line":128,"column":17}},"40":{"start":{"line":117,"column":20},"end":{"line":119,"column":21}},"41":{"start":{"line":118,"column":24},"end":{"line":118,"column":48}},"42":{"start":{"line":121,"column":20},"end":{"line":121,"column":34}},"43":{"start":{"line":122,"column":20},"end":{"line":127,"column":23}},"44":{"start":{"line":123,"column":24},"end":{"line":123,"column":53}},"45":{"start":{"line":124,"column":24},"end":{"line":126,"column":25}},"46":{"start":{"line":125,"column":28},"end":{"line":125,"column":62}},"47":{"start":{"line":138,"column":16},"end":{"line":138,"column":106}},"48":{"start":{"line":141,"column":20},"end":{"line":141,"column":106}},"49":{"start":{"line":144,"column":12},"end":{"line":144,"column":24}},"50":{"start":{"line":146,"column":8},"end":{"line":146,"column":22}},"51":{"start":{"line":161,"column":8},"end":{"line":161,"column":22}},"52":{"start":{"line":162,"column":8},"end":{"line":162,"column":95}},"53":{"start":{"line":164,"column":8},"end":{"line":164,"column":42}},"54":{"start":{"line":165,"column":8},"end":{"line":165,"column":34}},"55":{"start":{"line":167,"column":8},"end":{"line":167,"column":24}},"56":{"start":{"line":169,"column":8},"end":{"line":185,"column":9}},"57":{"start":{"line":171,"column":12},"end":{"line":173,"column":13}},"58":{"start":{"line":172,"column":16},"end":{"line":172,"column":40}},"59":{"start":{"line":175,"column":12},"end":{"line":180,"column":15}},"60":{"start":{"line":176,"column":16},"end":{"line":176,"column":45}},"61":{"start":{"line":177,"column":16},"end":{"line":179,"column":17}},"62":{"start":{"line":178,"column":20},"end":{"line":178,"column":54}},"63":{"start":{"line":182,"column":12},"end":{"line":184,"column":13}},"64":{"start":{"line":183,"column":16},"end":{"line":183,"column":40}},"65":{"start":{"line":187,"column":8},"end":{"line":204,"column":9}},"66":{"start":{"line":189,"column":12},"end":{"line":193,"column":13}},"67":{"start":{"line":190,"column":16},"end":{"line":190,"column":103}},"68":{"start":{"line":192,"column":16},"end":{"line":192,"column":49}},"69":{"start":{"line":195,"column":12},"end":{"line":199,"column":13}},"70":{"start":{"line":196,"column":16},"end":{"line":196,"column":95}},"71":{"start":{"line":198,"column":16},"end":{"line":198,"column":45}},"72":{"start":{"line":201,"column":12},"end":{"line":203,"column":13}},"73":{"start":{"line":202,"column":16},"end":{"line":202,"column":40}},"74":{"start":{"line":207,"column":8},"end":{"line":209,"column":9}},"75":{"start":{"line":208,"column":12},"end":{"line":208,"column":50}},"76":{"start":{"line":211,"column":8},"end":{"line":211,"column":106}},"77":{"start":{"line":226,"column":8},"end":{"line":226,"column":52}},"78":{"start":{"line":227,"column":8},"end":{"line":231,"column":9}},"79":{"start":{"line":228,"column":12},"end":{"line":228,"column":54}},"80":{"start":{"line":230,"column":12},"end":{"line":230,"column":41}},"81":{"start":{"line":234,"column":0},"end":{"line":234,"column":25}}},"branchMap":{"1":{"line":24,"type":"cond-expr","locations":[{"start":{"line":24,"column":70},"end":{"line":24,"column":73}},{"start":{"line":24,"column":76},"end":{"line":24,"column":92}}]},"2":{"line":24,"type":"binary-expr","locations":[{"start":{"line":24,"column":46},"end":{"line":24,"column":49}},{"start":{"line":24,"column":53},"end":{"line":24,"column":67}}]},"3":{"line":54,"type":"if","locations":[{"start":{"line":54,"column":8},"end":{"line":54,"column":8}},{"start":{"line":54,"column":8},"end":{"line":54,"column":8}}]},"4":{"line":75,"type":"cond-expr","locations":[{"start":{"line":75,"column":73},"end":{"line":75,"column":77}},{"start":{"line":75,"column":80},"end":{"line":75,"column":92}}]},"5":{"line":75,"type":"binary-expr","locations":[{"start":{"line":75,"column":19},"end":{"line":75,"column":40}},{"start":{"line":75,"column":44},"end":{"line":75,"column":70}}]},"6":{"line":94,"type":"if","locations":[{"start":{"line":94,"column":12},"end":{"line":94,"column":12}},{"start":{"line":94,"column":12},"end":{"line":94,"column":12}}]},"7":{"line":98,"type":"if","locations":[{"start":{"line":98,"column":12},"end":{"line":98,"column":12}},{"start":{"line":98,"column":12},"end":{"line":98,"column":12}}]},"8":{"line":103,"type":"if","locations":[{"start":{"line":103,"column":12},"end":{"line":103,"column":12}},{"start":{"line":103,"column":12},"end":{"line":103,"column":12}}]},"9":{"line":111,"type":"if","locations":[{"start":{"line":111,"column":12},"end":{"line":111,"column":12}},{"start":{"line":111,"column":12},"end":{"line":111,"column":12}}]},"10":{"line":115,"type":"if","locations":[{"start":{"line":115,"column":16},"end":{"line":115,"column":16}},{"start":{"line":115,"column":16},"end":{"line":115,"column":16}}]},"11":{"line":117,"type":"if","locations":[{"start":{"line":117,"column":20},"end":{"line":117,"column":20}},{"start":{"line":117,"column":20},"end":{"line":117,"column":20}}]},"12":{"line":124,"type":"if","locations":[{"start":{"line":124,"column":24},"end":{"line":124,"column":24}},{"start":{"line":124,"column":24},"end":{"line":124,"column":24}}]},"13":{"line":162,"type":"cond-expr","locations":[{"start":{"line":162,"column":63},"end":{"line":162,"column":72}},{"start":{"line":162,"column":75},"end":{"line":162,"column":94}}]},"14":{"line":162,"type":"binary-expr","locations":[{"start":{"line":162,"column":24},"end":{"line":162,"column":40}},{"start":{"line":162,"column":44},"end":{"line":162,"column":60}}]},"15":{"line":169,"type":"if","locations":[{"start":{"line":169,"column":8},"end":{"line":169,"column":8}},{"start":{"line":169,"column":8},"end":{"line":169,"column":8}}]},"16":{"line":171,"type":"if","locations":[{"start":{"line":171,"column":12},"end":{"line":171,"column":12}},{"start":{"line":171,"column":12},"end":{"line":171,"column":12}}]},"17":{"line":177,"type":"if","locations":[{"start":{"line":177,"column":16},"end":{"line":177,"column":16}},{"start":{"line":177,"column":16},"end":{"line":177,"column":16}}]},"18":{"line":182,"type":"if","locations":[{"start":{"line":182,"column":12},"end":{"line":182,"column":12}},{"start":{"line":182,"column":12},"end":{"line":182,"column":12}}]},"19":{"line":187,"type":"if","locations":[{"start":{"line":187,"column":8},"end":{"line":187,"column":8}},{"start":{"line":187,"column":8},"end":{"line":187,"column":8}}]},"20":{"line":189,"type":"if","locations":[{"start":{"line":189,"column":12},"end":{"line":189,"column":12}},{"start":{"line":189,"column":12},"end":{"line":189,"column":12}}]},"21":{"line":195,"type":"if","locations":[{"start":{"line":195,"column":12},"end":{"line":195,"column":12}},{"start":{"line":195,"column":12},"end":{"line":195,"column":12}}]},"22":{"line":201,"type":"if","locations":[{"start":{"line":201,"column":12},"end":{"line":201,"column":12}},{"start":{"line":201,"column":12},"end":{"line":201,"column":12}}]},"23":{"line":207,"type":"if","locations":[{"start":{"line":207,"column":8},"end":{"line":207,"column":8}},{"start":{"line":207,"column":8},"end":{"line":207,"column":8}}]},"24":{"line":207,"type":"binary-expr","locations":[{"start":{"line":207,"column":12},"end":{"line":207,"column":36}},{"start":{"line":207,"column":40},"end":{"line":207,"column":52}}]}}},"/home/ubuntu/limosa/lib/RouterRoute/Route.js":{"path":"/home/ubuntu/limosa/lib/RouterRoute/Route.js","s":{"1":1,"2":1,"3":1,"4":1,"5":1,"6":1,"7":1,"8":6,"9":6,"10":6,"11":6,"12":1},"b":{"1":[1,0],"2":[1,1]},"f":{"1":1,"2":6},"fnMap":{"1":{"name":"_interopRequireDefault","line":16,"loc":{"start":{"line":16,"column":0},"end":{"line":16,"column":37}}},"2":{"name":"(anonymous_2)","line":25,"loc":{"start":{"line":25,"column":15},"end":{"line":25,"column":60}}}},"statementMap":{"1":{"start":{"line":3,"column":0},"end":{"line":5,"column":3}},"2":{"start":{"line":6,"column":0},"end":{"line":6,"column":28}},"3":{"start":{"line":8,"column":0},"end":{"line":8,"column":34}},"4":{"start":{"line":10,"column":0},"end":{"line":10,"column":47}},"5":{"start":{"line":16,"column":0},"end":{"line":16,"column":95}},"6":{"start":{"line":16,"column":39},"end":{"line":16,"column":93}},"7":{"start":{"line":18,"column":0},"end":{"line":31,"column":2}},"8":{"start":{"line":26,"column":8},"end":{"line":26,"column":27}},"9":{"start":{"line":27,"column":8},"end":{"line":27,"column":37}},"10":{"start":{"line":28,"column":8},"end":{"line":28,"column":29}},"11":{"start":{"line":29,"column":8},"end":{"line":29,"column":35}},"12":{"start":{"line":32,"column":0},"end":{"line":32,"column":30}}},"branchMap":{"1":{"line":16,"type":"cond-expr","locations":[{"start":{"line":16,"column":70},"end":{"line":16,"column":73}},{"start":{"line":16,"column":76},"end":{"line":16,"column":92}}]},"2":{"line":16,"type":"binary-expr","locations":[{"start":{"line":16,"column":46},"end":{"line":16,"column":49}},{"start":{"line":16,"column":53},"end":{"line":16,"column":67}}]}}},"/home/ubuntu/limosa/lib/RouterRoute/Common.js":{"path":"/home/ubuntu/limosa/lib/RouterRoute/Common.js","s":{"1":1,"2":1,"3":7,"4":7,"5":34,"6":94,"7":14,"8":1},"b":{},"f":{"1":7,"2":34,"3":94,"4":14},"fnMap":{"1":{"name":"(anonymous_1)","line":10,"loc":{"start":{"line":10,"column":15},"end":{"line":10,"column":29}}},"2":{"name":"(anonymous_2)","line":18,"loc":{"start":{"line":18,"column":23},"end":{"line":18,"column":26}}},"3":{"name":"(anonymous_3)","line":26,"loc":{"start":{"line":26,"column":7},"end":{"line":26,"column":14}}},"4":{"name":"(anonymous_4)","line":34,"loc":{"start":{"line":34,"column":7},"end":{"line":34,"column":21}}}},"statementMap":{"1":{"start":{"line":3,"column":0},"end":{"line":5,"column":3}},"2":{"start":{"line":6,"column":0},"end":{"line":37,"column":2}},"3":{"start":{"line":11,"column":8},"end":{"line":11,"column":39}},"4":{"start":{"line":12,"column":8},"end":{"line":12,"column":32}},"5":{"start":{"line":19,"column":8},"end":{"line":19,"column":39}},"6":{"start":{"line":27,"column":8},"end":{"line":27,"column":37}},"7":{"start":{"line":35,"column":8},"end":{"line":35,"column":37}},"8":{"start":{"line":38,"column":0},"end":{"line":38,"column":36}}},"branchMap":{}},"/home/ubuntu/limosa/lib/RouterRoute/Segment.js":{"path":"/home/ubuntu/limosa/lib/RouterRoute/Segment.js","s":{"1":1,"2":1,"3":1,"4":1,"5":1,"6":1,"7":1,"8":1,"9":1,"10":0,"11":1},"b":{"1":[1,0],"2":[1,1]},"f":{"1":1,"2":1,"3":0},"fnMap":{"1":{"name":"_interopRequireDefault","line":16,"loc":{"start":{"line":16,"column":0},"end":{"line":16,"column":37}}},"2":{"name":"(anonymous_2)","line":22,"loc":{"start":{"line":22,"column":15},"end":{"line":22,"column":29}}},"3":{"name":"(anonymous_3)","line":32,"loc":{"start":{"line":32,"column":19},"end":{"line":32,"column":34}}}},"statementMap":{"1":{"start":{"line":3,"column":0},"end":{"line":5,"column":3}},"2":{"start":{"line":6,"column":0},"end":{"line":6,"column":28}},"3":{"start":{"line":8,"column":0},"end":{"line":8,"column":34}},"4":{"start":{"line":10,"column":0},"end":{"line":10,"column":47}},"5":{"start":{"line":16,"column":0},"end":{"line":16,"column":95}},"6":{"start":{"line":16,"column":39},"end":{"line":16,"column":93}},"7":{"start":{"line":18,"column":0},"end":{"line":35,"column":2}},"8":{"start":{"line":23,"column":8},"end":{"line":23,"column":27}},"9":{"start":{"line":24,"column":8},"end":{"line":24,"column":28}},"10":{"start":{"line":33,"column":8},"end":{"line":33,"column":41}},"11":{"start":{"line":36,"column":0},"end":{"line":36,"column":37}}},"branchMap":{"1":{"line":16,"type":"cond-expr","locations":[{"start":{"line":16,"column":70},"end":{"line":16,"column":73}},{"start":{"line":16,"column":76},"end":{"line":16,"column":92}}]},"2":{"line":16,"type":"binary-expr","locations":[{"start":{"line":16,"column":46},"end":{"line":16,"column":49}},{"start":{"line":16,"column":53},"end":{"line":16,"column":67}}]}}},"/home/ubuntu/limosa/lib/Route.js":{"path":"/home/ubuntu/limosa/lib/Route.js","s":{"1":1,"2":1,"3":16,"4":16,"5":16,"6":16,"7":16,"8":16,"9":16,"10":1},"b":{},"f":{"1":16},"fnMap":{"1":{"name":"(anonymous_1)","line":15,"loc":{"start":{"line":15,"column":15},"end":{"line":15,"column":78}}}},"statementMap":{"1":{"start":{"line":3,"column":0},"end":{"line":5,"column":3}},"2":{"start":{"line":6,"column":0},"end":{"line":24,"column":2}},"3":{"start":{"line":16,"column":8},"end":{"line":16,"column":23}},"4":{"start":{"line":17,"column":8},"end":{"line":17,"column":37}},"5":{"start":{"line":18,"column":8},"end":{"line":18,"column":29}},"6":{"start":{"line":19,"column":8},"end":{"line":19,"column":39}},"7":{"start":{"line":20,"column":8},"end":{"line":20,"column":39}},"8":{"start":{"line":21,"column":8},"end":{"line":21,"column":35}},"9":{"start":{"line":22,"column":8},"end":{"line":22,"column":28}},"10":{"start":{"line":25,"column":0},"end":{"line":25,"column":24}}},"branchMap":{}},"/home/ubuntu/limosa/lib/RouterRoute/Lang.js":{"path":"/home/ubuntu/limosa/lib/RouterRoute/Lang.js","s":{"1":1,"2":1,"3":14,"4":14,"5":82,"6":15,"7":1},"b":{},"f":{"1":14,"2":82,"3":15},"fnMap":{"1":{"name":"(anonymous_1)","line":11,"loc":{"start":{"line":11,"column":15},"end":{"line":11,"column":38}}},"2":{"name":"(anonymous_2)","line":20,"loc":{"start":{"line":20,"column":9},"end":{"line":20,"column":17}}},"3":{"name":"(anonymous_3)","line":31,"loc":{"start":{"line":31,"column":7},"end":{"line":31,"column":14}}}},"statementMap":{"1":{"start":{"line":3,"column":0},"end":{"line":5,"column":3}},"2":{"start":{"line":6,"column":0},"end":{"line":34,"column":2}},"3":{"start":{"line":12,"column":8},"end":{"line":12,"column":29}},"4":{"start":{"line":13,"column":8},"end":{"line":13,"column":41}},"5":{"start":{"line":21,"column":8},"end":{"line":21,"column":40}},"6":{"start":{"line":32,"column":8},"end":{"line":32,"column":48}},"7":{"start":{"line":35,"column":0},"end":{"line":35,"column":34}}},"branchMap":{}},"/home/ubuntu/limosa/lib/UrlGenerator/UrlGenerator.js":{"path":"/home/ubuntu/limosa/lib/UrlGenerator/UrlGenerator.js","s":{"1":1,"2":1,"3":14,"4":14,"5":15,"6":15,"7":13,"8":0,"9":13,"10":11,"11":13,"12":0,"13":13,"14":0,"15":2,"16":0,"17":15,"18":1},"b":{"1":[13,2],"2":[0,13],"3":[11,2],"4":[0,13],"5":[0,13],"6":[0,2]},"f":{"1":14,"2":15},"fnMap":{"1":{"name":"(anonymous_1)","line":11,"loc":{"start":{"line":11,"column":15},"end":{"line":11,"column":34}}},"2":{"name":"(anonymous_2)","line":23,"loc":{"start":{"line":23,"column":12},"end":{"line":23,"column":19}}}},"statementMap":{"1":{"start":{"line":3,"column":0},"end":{"line":5,"column":3}},"2":{"start":{"line":6,"column":0},"end":{"line":46,"column":2}},"3":{"start":{"line":12,"column":8},"end":{"line":12,"column":27}},"4":{"start":{"line":13,"column":8},"end":{"line":13,"column":35}},"5":{"start":{"line":24,"column":8},"end":{"line":24,"column":44}},"6":{"start":{"line":26,"column":8},"end":{"line":42,"column":9}},"7":{"start":{"line":27,"column":12},"end":{"line":31,"column":13}},"8":{"start":{"line":28,"column":16},"end":{"line":28,"column":46}},"9":{"start":{"line":29,"column":19},"end":{"line":31,"column":13}},"10":{"start":{"line":30,"column":16},"end":{"line":30,"column":46}},"11":{"start":{"line":33,"column":12},"end":{"line":35,"column":13}},"12":{"start":{"line":34,"column":16},"end":{"line":34,"column":48}},"13":{"start":{"line":37,"column":12},"end":{"line":39,"column":13}},"14":{"start":{"line":38,"column":16},"end":{"line":38,"column":41}},"15":{"start":{"line":40,"column":15},"end":{"line":42,"column":9}},"16":{"start":{"line":41,"column":12},"end":{"line":41,"column":42}},"17":{"start":{"line":44,"column":8},"end":{"line":44,"column":19}},"18":{"start":{"line":47,"column":0},"end":{"line":47,"column":31}}},"branchMap":{"1":{"line":26,"type":"if","locations":[{"start":{"line":26,"column":8},"end":{"line":26,"column":8}},{"start":{"line":26,"column":8},"end":{"line":26,"column":8}}]},"2":{"line":27,"type":"if","locations":[{"start":{"line":27,"column":12},"end":{"line":27,"column":12}},{"start":{"line":27,"column":12},"end":{"line":27,"column":12}}]},"3":{"line":29,"type":"if","locations":[{"start":{"line":29,"column":19},"end":{"line":29,"column":19}},{"start":{"line":29,"column":19},"end":{"line":29,"column":19}}]},"4":{"line":33,"type":"if","locations":[{"start":{"line":33,"column":12},"end":{"line":33,"column":12}},{"start":{"line":33,"column":12},"end":{"line":33,"column":12}}]},"5":{"line":37,"type":"if","locations":[{"start":{"line":37,"column":12},"end":{"line":37,"column":12}},{"start":{"line":37,"column":12},"end":{"line":37,"column":12}}]},"6":{"line":40,"type":"if","locations":[{"start":{"line":40,"column":15},"end":{"line":40,"column":15}},{"start":{"line":40,"column":15},"end":{"line":40,"column":15}}]}}},"/home/ubuntu/limosa/lib/UrlGenerator/UrlGeneratorNamedParamPart.js":{"path":"/home/ubuntu/limosa/lib/UrlGenerator/UrlGeneratorNamedParamPart.js","s":{"1":1,"2":1,"3":18,"4":18,"5":26,"6":2,"7":24,"8":8,"9":16,"10":1},"b":{"1":[2,24],"2":[8,16],"3":[24,19]},"f":{"1":18,"2":26},"fnMap":{"1":{"name":"(anonymous_1)","line":11,"loc":{"start":{"line":11,"column":15},"end":{"line":11,"column":38}}},"2":{"name":"(anonymous_2)","line":20,"loc":{"start":{"line":20,"column":12},"end":{"line":20,"column":19}}}},"statementMap":{"1":{"start":{"line":3,"column":0},"end":{"line":5,"column":3}},"2":{"start":{"line":6,"column":0},"end":{"line":32,"column":2}},"3":{"start":{"line":12,"column":8},"end":{"line":12,"column":35}},"4":{"start":{"line":13,"column":8},"end":{"line":13,"column":35}},"5":{"start":{"line":21,"column":8},"end":{"line":23,"column":9}},"6":{"start":{"line":22,"column":12},"end":{"line":22,"column":73}},"7":{"start":{"line":25,"column":8},"end":{"line":27,"column":9}},"8":{"start":{"line":26,"column":12},"end":{"line":26,"column":56}},"9":{"start":{"line":29,"column":8},"end":{"line":29,"column":36}},"10":{"start":{"line":33,"column":0},"end":{"line":33,"column":45}}},"branchMap":{"1":{"line":21,"type":"if","locations":[{"start":{"line":21,"column":8},"end":{"line":21,"column":8}},{"start":{"line":21,"column":8},"end":{"line":21,"column":8}}]},"2":{"line":25,"type":"if","locations":[{"start":{"line":25,"column":8},"end":{"line":25,"column":8}},{"start":{"line":25,"column":8},"end":{"line":25,"column":8}}]},"3":{"line":25,"type":"binary-expr","locations":[{"start":{"line":25,"column":12},"end":{"line":25,"column":43}},{"start":{"line":25,"column":47},"end":{"line":25,"column":74}}]}}},"/home/ubuntu/limosa/lib/UrlGenerator/UrlGeneratorOptionalGroupPart.js":{"path":"/home/ubuntu/limosa/lib/UrlGenerator/UrlGeneratorOptionalGroupPart.js","s":{"1":1,"2":1,"3":2,"4":2,"5":2,"6":2,"7":1},"b":{},"f":{"1":2,"2":2},"fnMap":{"1":{"name":"(anonymous_1)","line":12,"loc":{"start":{"line":12,"column":15},"end":{"line":12,"column":23}}},"2":{"name":"(anonymous_2)","line":20,"loc":{"start":{"line":20,"column":12},"end":{"line":20,"column":19}}}},"statementMap":{"1":{"start":{"line":3,"column":0},"end":{"line":5,"column":3}},"2":{"start":{"line":6,"column":0},"end":{"line":27,"column":2}},"3":{"start":{"line":13,"column":8},"end":{"line":13,"column":27}},"4":{"start":{"line":21,"column":8},"end":{"line":25,"column":9}},"5":{"start":{"line":22,"column":12},"end":{"line":22,"column":45}},"6":{"start":{"line":24,"column":12},"end":{"line":24,"column":22}},"7":{"start":{"line":28,"column":0},"end":{"line":28,"column":48}}},"branchMap":{}},"/home/ubuntu/limosa/lib/UrlGenerator/UrlGeneratorPartArray.js":{"path":"/home/ubuntu/limosa/lib/UrlGenerator/UrlGeneratorPartArray.js","s":{"1":1,"2":1,"3":16,"4":23,"5":64,"6":1},"b":{},"f":{"1":16,"2":23},"fnMap":{"1":{"name":"(anonymous_1)","line":12,"loc":{"start":{"line":12,"column":15},"end":{"line":12,"column":23}}},"2":{"name":"(anonymous_2)","line":20,"loc":{"start":{"line":20,"column":12},"end":{"line":20,"column":19}}}},"statementMap":{"1":{"start":{"line":3,"column":0},"end":{"line":5,"column":3}},"2":{"start":{"line":6,"column":0},"end":{"line":24,"column":2}},"3":{"start":{"line":13,"column":8},"end":{"line":13,"column":27}},"4":{"start":{"line":21,"column":8},"end":{"line":21,"column":62}},"5":{"start":{"line":21,"column":35},"end":{"line":21,"column":51}},"6":{"start":{"line":25,"column":0},"end":{"line":25,"column":40}}},"branchMap":{}},"/home/ubuntu/limosa/lib/UrlGenerator/UrlGeneratorStringPart.js":{"path":"/home/ubuntu/limosa/lib/UrlGenerator/UrlGeneratorStringPart.js","s":{"1":1,"2":1,"3":22,"4":30,"5":1},"b":{},"f":{"1":22,"2":30},"fnMap":{"1":{"name":"(anonymous_1)","line":10,"loc":{"start":{"line":10,"column":15},"end":{"line":10,"column":24}}},"2":{"name":"(anonymous_2)","line":17,"loc":{"start":{"line":17,"column":12},"end":{"line":17,"column":15}}}},"statementMap":{"1":{"start":{"line":3,"column":0},"end":{"line":5,"column":3}},"2":{"start":{"line":6,"column":0},"end":{"line":20,"column":2}},"3":{"start":{"line":11,"column":8},"end":{"line":11,"column":29}},"4":{"start":{"line":18,"column":8},"end":{"line":18,"column":27}},"5":{"start":{"line":21,"column":0},"end":{"line":21,"column":41}}},"branchMap":{}},"/home/ubuntu/limosa/lib/RoutesTranslations.js":{"path":"/home/ubuntu/limosa/lib/RoutesTranslations.js","s":{"1":1,"2":1,"3":1,"4":0,"5":0,"6":0,"7":0,"8":0,"9":0,"10":0,"11":0,"12":0,"13":0,"14":0,"15":0,"16":0,"17":0,"18":0,"19":0,"20":0,"21":1,"22":9,"23":9,"24":0,"25":0,"26":0,"27":1,"28":1,"29":1,"30":0,"31":1,"32":3,"33":3,"34":3,"35":3,"36":6,"37":6,"38":6,"39":6,"40":2,"41":6,"42":6,"43":6,"44":15,"45":15,"46":15,"47":0,"48":15,"49":21,"50":21,"51":21,"52":0,"53":21,"54":1},"b":{"1":[0,0],"2":[0,0],"3":[0,0],"4":[0,0],"5":[0,0],"6":[9,0],"7":[0,0],"8":[0,1],"9":[2,4],"10":[0,15],"11":[0,21]},"f":{"1":1,"2":0,"3":9,"4":1,"5":15,"6":21},"fnMap":{"1":{"name":"(anonymous_1)","line":9,"loc":{"start":{"line":9,"column":24},"end":{"line":9,"column":36}}},"2":{"name":"sliceIterator","line":13,"loc":{"start":{"line":13,"column":41},"end":{"line":13,"column":72}}},"3":{"name":"(anonymous_3)","line":17,"loc":{"start":{"line":17,"column":445},"end":{"line":17,"column":463}}},"4":{"name":"(anonymous_4)","line":26,"loc":{"start":{"line":26,"column":15},"end":{"line":26,"column":30}}},"5":{"name":"(anonymous_5)","line":65,"loc":{"start":{"line":65,"column":13},"end":{"line":65,"column":28}}},"6":{"name":"(anonymous_6)","line":81,"loc":{"start":{"line":81,"column":15},"end":{"line":81,"column":30}}}},"statementMap":{"1":{"start":{"line":3,"column":0},"end":{"line":5,"column":3}},"2":{"start":{"line":7,"column":0},"end":{"line":17,"column":675}},"3":{"start":{"line":13,"column":41},"end":{"line":13,"column":434}},"4":{"start":{"line":13,"column":74},"end":{"line":13,"column":88}},"5":{"start":{"line":13,"column":89},"end":{"line":13,"column":103}},"6":{"start":{"line":13,"column":104},"end":{"line":13,"column":119}},"7":{"start":{"line":13,"column":120},"end":{"line":13,"column":139}},"8":{"start":{"line":13,"column":140},"end":{"line":13,"column":419}},"9":{"start":{"line":13,"column":146},"end":{"line":13,"column":289}},"10":{"start":{"line":13,"column":232},"end":{"line":13,"column":252}},"11":{"start":{"line":13,"column":253},"end":{"line":13,"column":287}},"12":{"start":{"line":13,"column":281},"end":{"line":13,"column":287}},"13":{"start":{"line":13,"column":306},"end":{"line":13,"column":316}},"14":{"start":{"line":13,"column":317},"end":{"line":13,"column":326}},"15":{"start":{"line":13,"column":339},"end":{"line":13,"column":417}},"16":{"start":{"line":13,"column":345},"end":{"line":13,"column":385}},"17":{"start":{"line":13,"column":370},"end":{"line":13,"column":385}},"18":{"start":{"line":13,"column":398},"end":{"line":13,"column":415}},"19":{"start":{"line":13,"column":406},"end":{"line":13,"column":415}},"20":{"start":{"line":13,"column":420},"end":{"line":13,"column":432}},"21":{"start":{"line":13,"column":435},"end":{"line":17,"column":670}},"22":{"start":{"line":17,"column":465},"end":{"line":17,"column":665}},"23":{"start":{"line":17,"column":491},"end":{"line":17,"column":502}},"24":{"start":{"line":17,"column":510},"end":{"line":17,"column":665}},"25":{"start":{"line":17,"column":548},"end":{"line":17,"column":577}},"26":{"start":{"line":17,"column":587},"end":{"line":17,"column":663}},"27":{"start":{"line":22,"column":0},"end":{"line":91,"column":2}},"28":{"start":{"line":27,"column":8},"end":{"line":27,"column":36}},"29":{"start":{"line":29,"column":8},"end":{"line":31,"column":9}},"30":{"start":{"line":30,"column":12},"end":{"line":30,"column":19}},"31":{"start":{"line":33,"column":8},"end":{"line":57,"column":9}},"32":{"start":{"line":34,"column":12},"end":{"line":34,"column":48}},"33":{"start":{"line":36,"column":12},"end":{"line":36,"column":31}},"34":{"start":{"line":37,"column":12},"end":{"line":37,"column":43}},"35":{"start":{"line":39,"column":12},"end":{"line":56,"column":13}},"36":{"start":{"line":40,"column":16},"end":{"line":40,"column":53}},"37":{"start":{"line":42,"column":16},"end":{"line":42,"column":36}},"38":{"start":{"line":43,"column":16},"end":{"line":43,"column":43}},"39":{"start":{"line":45,"column":16},"end":{"line":50,"column":17}},"40":{"start":{"line":46,"column":20},"end":{"line":49,"column":23}},"41":{"start":{"line":52,"column":16},"end":{"line":52,"column":59}},"42":{"start":{"line":54,"column":16},"end":{"line":54,"column":71}},"43":{"start":{"line":55,"column":16},"end":{"line":55,"column":73}},"44":{"start":{"line":66,"column":8},"end":{"line":66,"column":38}},"45":{"start":{"line":67,"column":8},"end":{"line":67,"column":68}},"46":{"start":{"line":69,"column":8},"end":{"line":71,"column":9}},"47":{"start":{"line":70,"column":12},"end":{"line":70,"column":82}},"48":{"start":{"line":73,"column":8},"end":{"line":73,"column":43}},"49":{"start":{"line":82,"column":8},"end":{"line":82,"column":38}},"50":{"start":{"line":83,"column":8},"end":{"line":83,"column":70}},"51":{"start":{"line":85,"column":8},"end":{"line":87,"column":9}},"52":{"start":{"line":86,"column":12},"end":{"line":86,"column":84}},"53":{"start":{"line":89,"column":8},"end":{"line":89,"column":43}},"54":{"start":{"line":92,"column":0},"end":{"line":92,"column":37}}},"branchMap":{"1":{"line":13,"type":"if","locations":[{"start":{"line":13,"column":253},"end":{"line":13,"column":253}},{"start":{"line":13,"column":253},"end":{"line":13,"column":253}}]},"2":{"line":13,"type":"binary-expr","locations":[{"start":{"line":13,"column":257},"end":{"line":13,"column":258}},{"start":{"line":13,"column":262},"end":{"line":13,"column":279}}]},"3":{"line":13,"type":"if","locations":[{"start":{"line":13,"column":345},"end":{"line":13,"column":345}},{"start":{"line":13,"column":345},"end":{"line":13,"column":345}}]},"4":{"line":13,"type":"binary-expr","locations":[{"start":{"line":13,"column":349},"end":{"line":13,"column":352}},{"start":{"line":13,"column":356},"end":{"line":13,"column":368}}]},"5":{"line":13,"type":"if","locations":[{"start":{"line":13,"column":398},"end":{"line":13,"column":398}},{"start":{"line":13,"column":398},"end":{"line":13,"column":398}}]},"6":{"line":17,"type":"if","locations":[{"start":{"line":17,"column":465},"end":{"line":17,"column":465}},{"start":{"line":17,"column":465},"end":{"line":17,"column":465}}]},"7":{"line":17,"type":"if","locations":[{"start":{"line":17,"column":510},"end":{"line":17,"column":510}},{"start":{"line":17,"column":510},"end":{"line":17,"column":510}}]},"8":{"line":29,"type":"if","locations":[{"start":{"line":29,"column":8},"end":{"line":29,"column":8}},{"start":{"line":29,"column":8},"end":{"line":29,"column":8}}]},"9":{"line":45,"type":"if","locations":[{"start":{"line":45,"column":16},"end":{"line":45,"column":16}},{"start":{"line":45,"column":16},"end":{"line":45,"column":16}}]},"10":{"line":69,"type":"if","locations":[{"start":{"line":69,"column":8},"end":{"line":69,"column":8}},{"start":{"line":69,"column":8},"end":{"line":69,"column":8}}]},"11":{"line":85,"type":"if","locations":[{"start":{"line":85,"column":8},"end":{"line":85,"column":8}},{"start":{"line":85,"column":8},"end":{"line":85,"column":8}}]}}}}