{"/home/ubuntu/limosa/lib/RouterBuilder/RouterBuilder.js":{"path":"/home/ubuntu/limosa/lib/RouterBuilder/RouterBuilder.js","s":{"1":1,"2":1,"3":1,"4":1,"5":1,"6":1,"7":1,"8":1,"9":1,"10":1,"11":1,"12":1,"13":1,"14":1,"15":1,"16":1,"17":1,"18":1,"19":1,"20":1,"21":1,"22":1,"23":1,"24":1,"25":1,"26":11,"27":1,"28":2,"29":2,"30":2,"31":2,"32":2,"33":2,"34":2,"35":16,"36":16,"37":16,"38":0,"39":0,"40":6,"41":6,"42":6,"43":2,"44":0,"45":0,"46":2,"47":2,"48":2,"49":2,"50":2,"51":2,"52":12,"53":12,"54":10,"55":12,"56":12,"57":0,"58":12,"59":0,"60":0,"61":0,"62":0,"63":0,"64":12,"65":7,"66":11,"67":5,"68":8,"69":8,"70":12,"71":12,"72":11,"73":12,"74":12,"75":19,"76":19,"77":19,"78":19,"79":19,"80":2,"81":17,"82":0,"83":17,"84":19,"85":19,"86":2,"87":17,"88":0,"89":19,"90":19,"91":11,"92":8,"93":4,"94":4,"95":19,"96":20,"97":6,"98":6,"99":4,"100":0,"101":2,"102":2,"103":0,"104":6,"105":14,"106":4,"107":10,"108":19,"109":2,"110":17,"111":0,"112":19,"113":19,"114":19,"115":19,"116":19,"117":23,"118":23,"119":23,"120":23,"121":3,"122":3,"123":20,"124":23,"125":19,"126":4,"127":19,"128":0,"129":19,"130":19,"131":19,"132":6,"133":6,"134":6,"135":13,"136":19,"137":12,"138":1,"139":1,"140":1,"141":1},"b":{"1":[10,1],"2":[11,11],"3":[0,0],"4":[0,0],"5":[0,0],"6":[0,0],"7":[6,3],"8":[6,3],"9":[6,3],"10":[0,2],"11":[10,2],"12":[12,0],"13":[0,12],"14":[0,0],"15":[0,0],"16":[7,5],"17":[2,10],"18":[2,17],"19":[19,16],"20":[0,17],"21":[17,14],"22":[2,17],"23":[0,17],"24":[11,8],"25":[19,16],"26":[4,4],"27":[6,14],"28":[20,14],"29":[4,2],"30":[0,4],"31":[2,0],"32":[0,6],"33":[4,10],"34":[2,17],"35":[19,16],"36":[0,17],"37":[17,14],"38":[3,16],"39":[23,0],"40":[3,20],"41":[4,15],"42":[0,19],"43":[6,13],"44":[3,3],"45":[3,16]},"f":{"1":11,"2":2,"3":16,"4":0,"5":6,"6":2,"7":2,"8":12,"9":19,"10":1},"fnMap":{"1":{"name":"_interopRequireDefault","line":56,"loc":{"start":{"line":56,"column":0},"end":{"line":56,"column":37}}},"2":{"name":"(anonymous_2)","line":66,"loc":{"start":{"line":66,"column":15},"end":{"line":66,"column":46}}},"3":{"name":"(anonymous_3)","line":82,"loc":{"start":{"line":82,"column":13},"end":{"line":82,"column":28}}},"4":{"name":"(anonymous_4)","line":91,"loc":{"start":{"line":91,"column":11},"end":{"line":91,"column":20}}},"5":{"name":"(anonymous_5)","line":110,"loc":{"start":{"line":110,"column":7},"end":{"line":110,"column":72}}},"6":{"name":"(anonymous_6)","line":123,"loc":{"start":{"line":123,"column":14},"end":{"line":123,"column":48}}},"7":{"name":"(anonymous_7)","line":143,"loc":{"start":{"line":143,"column":23},"end":{"line":143,"column":77}}},"8":{"name":"(anonymous_8)","line":157,"loc":{"start":{"line":157,"column":16},"end":{"line":157,"column":125}}},"9":{"name":"buildParts","line":267,"loc":{"start":{"line":267,"column":60},"end":{"line":267,"column":95}}},"10":{"name":"(anonymous_10)","line":316,"loc":{"start":{"line":316,"column":20},"end":{"line":316,"column":23}}}},"statementMap":{"1":{"start":{"line":3,"column":0},"end":{"line":5,"column":3}},"2":{"start":{"line":6,"column":0},"end":{"line":6,"column":28}},"3":{"start":{"line":8,"column":0},"end":{"line":8,"column":40}},"4":{"start":{"line":10,"column":0},"end":{"line":10,"column":55}},"5":{"start":{"line":12,"column":0},"end":{"line":12,"column":35}},"6":{"start":{"line":14,"column":0},"end":{"line":14,"column":47}},"7":{"start":{"line":16,"column":0},"end":{"line":16,"column":45}},"8":{"start":{"line":18,"column":0},"end":{"line":18,"column":45}},"9":{"start":{"line":20,"column":0},"end":{"line":20,"column":49}},"10":{"start":{"line":22,"column":0},"end":{"line":22,"column":49}},"11":{"start":{"line":24,"column":0},"end":{"line":24,"column":43}},"12":{"start":{"line":26,"column":0},"end":{"line":26,"column":43}},"13":{"start":{"line":28,"column":0},"end":{"line":28,"column":60}},"14":{"start":{"line":30,"column":0},"end":{"line":30,"column":59}},"15":{"start":{"line":32,"column":0},"end":{"line":32,"column":88}},"16":{"start":{"line":34,"column":0},"end":{"line":34,"column":87}},"17":{"start":{"line":36,"column":0},"end":{"line":36,"column":94}},"18":{"start":{"line":38,"column":0},"end":{"line":38,"column":93}},"19":{"start":{"line":40,"column":0},"end":{"line":40,"column":78}},"20":{"start":{"line":42,"column":0},"end":{"line":42,"column":77}},"21":{"start":{"line":44,"column":0},"end":{"line":44,"column":80}},"22":{"start":{"line":46,"column":0},"end":{"line":46,"column":79}},"23":{"start":{"line":48,"column":0},"end":{"line":48,"column":62}},"24":{"start":{"line":50,"column":0},"end":{"line":50,"column":75}},"25":{"start":{"line":56,"column":0},"end":{"line":56,"column":95}},"26":{"start":{"line":56,"column":39},"end":{"line":56,"column":93}},"27":{"start":{"line":61,"column":0},"end":{"line":323,"column":2}},"28":{"start":{"line":67,"column":8},"end":{"line":67,"column":54}},"29":{"start":{"line":68,"column":8},"end":{"line":68,"column":34}},"30":{"start":{"line":69,"column":8},"end":{"line":69,"column":63}},"31":{"start":{"line":71,"column":8},"end":{"line":71,"column":52}},"32":{"start":{"line":72,"column":8},"end":{"line":72,"column":55}},"33":{"start":{"line":73,"column":8},"end":{"line":73,"column":66}},"34":{"start":{"line":74,"column":8},"end":{"line":74,"column":87}},"35":{"start":{"line":83,"column":8},"end":{"line":83,"column":45}},"36":{"start":{"line":84,"column":8},"end":{"line":84,"column":78}},"37":{"start":{"line":85,"column":8},"end":{"line":85,"column":27}},"38":{"start":{"line":92,"column":8},"end":{"line":98,"column":11}},"39":{"start":{"line":93,"column":12},"end":{"line":97,"column":15}},"40":{"start":{"line":111,"column":8},"end":{"line":111,"column":206}},"41":{"start":{"line":112,"column":8},"end":{"line":112,"column":46}},"42":{"start":{"line":113,"column":8},"end":{"line":113,"column":20}},"43":{"start":{"line":124,"column":8},"end":{"line":127,"column":9}},"44":{"start":{"line":125,"column":12},"end":{"line":125,"column":35}},"45":{"start":{"line":126,"column":12},"end":{"line":126,"column":25}},"46":{"start":{"line":129,"column":8},"end":{"line":129,"column":119}},"47":{"start":{"line":130,"column":8},"end":{"line":130,"column":83}},"48":{"start":{"line":131,"column":8},"end":{"line":131,"column":30}},"49":{"start":{"line":132,"column":8},"end":{"line":132,"column":47}},"50":{"start":{"line":133,"column":8},"end":{"line":133,"column":20}},"51":{"start":{"line":144,"column":8},"end":{"line":144,"column":114}},"52":{"start":{"line":158,"column":8},"end":{"line":158,"column":32}},"53":{"start":{"line":159,"column":8},"end":{"line":162,"column":9}},"54":{"start":{"line":160,"column":12},"end":{"line":160,"column":79}},"55":{"start":{"line":164,"column":8},"end":{"line":168,"column":9}},"56":{"start":{"line":165,"column":12},"end":{"line":165,"column":35}},"57":{"start":{"line":167,"column":12},"end":{"line":167,"column":63}},"58":{"start":{"line":172,"column":8},"end":{"line":190,"column":9}},"59":{"start":{"line":173,"column":12},"end":{"line":181,"column":15}},"60":{"start":{"line":174,"column":16},"end":{"line":180,"column":17}},"61":{"start":{"line":175,"column":20},"end":{"line":179,"column":21}},"62":{"start":{"line":176,"column":24},"end":{"line":176,"column":55}},"63":{"start":{"line":178,"column":24},"end":{"line":178,"column":93}},"64":{"start":{"line":182,"column":15},"end":{"line":190,"column":9}},"65":{"start":{"line":183,"column":12},"end":{"line":185,"column":15}},"66":{"start":{"line":184,"column":16},"end":{"line":184,"column":47}},"67":{"start":{"line":187,"column":12},"end":{"line":189,"column":15}},"68":{"start":{"line":188,"column":16},"end":{"line":188,"column":130}},"69":{"start":{"line":188,"column":95},"end":{"line":188,"column":127}},"70":{"start":{"line":192,"column":8},"end":{"line":192,"column":30}},"71":{"start":{"line":193,"column":8},"end":{"line":195,"column":11}},"72":{"start":{"line":194,"column":12},"end":{"line":194,"column":39}},"73":{"start":{"line":197,"column":8},"end":{"line":197,"column":164}},"74":{"start":{"line":199,"column":8},"end":{"line":308,"column":11}},"75":{"start":{"line":200,"column":12},"end":{"line":200,"column":62}},"76":{"start":{"line":201,"column":12},"end":{"line":201,"column":35}},"77":{"start":{"line":202,"column":12},"end":{"line":202,"column":36}},"78":{"start":{"line":203,"column":12},"end":{"line":203,"column":32}},"79":{"start":{"line":205,"column":12},"end":{"line":211,"column":13}},"80":{"start":{"line":206,"column":16},"end":{"line":206,"column":57}},"81":{"start":{"line":207,"column":19},"end":{"line":211,"column":13}},"82":{"start":{"line":208,"column":16},"end":{"line":208,"column":79}},"83":{"start":{"line":210,"column":16},"end":{"line":210,"column":44}},"84":{"start":{"line":213,"column":12},"end":{"line":213,"column":175}},"85":{"start":{"line":215,"column":12},"end":{"line":220,"column":13}},"86":{"start":{"line":216,"column":16},"end":{"line":216,"column":72}},"87":{"start":{"line":217,"column":19},"end":{"line":220,"column":13}},"88":{"start":{"line":219,"column":16},"end":{"line":219,"column":112}},"89":{"start":{"line":222,"column":12},"end":{"line":232,"column":17}},"90":{"start":{"line":223,"column":16},"end":{"line":225,"column":17}},"91":{"start":{"line":224,"column":20},"end":{"line":224,"column":30}},"92":{"start":{"line":227,"column":16},"end":{"line":229,"column":17}},"93":{"start":{"line":228,"column":20},"end":{"line":228,"column":44}},"94":{"start":{"line":231,"column":16},"end":{"line":231,"column":45}},"95":{"start":{"line":234,"column":12},"end":{"line":255,"column":15}},"96":{"start":{"line":235,"column":16},"end":{"line":248,"column":17}},"97":{"start":{"line":236,"column":20},"end":{"line":236,"column":71}},"98":{"start":{"line":237,"column":20},"end":{"line":245,"column":21}},"99":{"start":{"line":238,"column":24},"end":{"line":240,"column":25}},"100":{"start":{"line":239,"column":28},"end":{"line":239,"column":90}},"101":{"start":{"line":241,"column":27},"end":{"line":245,"column":21}},"102":{"start":{"line":242,"column":24},"end":{"line":242,"column":57}},"103":{"start":{"line":244,"column":24},"end":{"line":244,"column":56}},"104":{"start":{"line":247,"column":20},"end":{"line":247,"column":104}},"105":{"start":{"line":250,"column":16},"end":{"line":252,"column":17}},"106":{"start":{"line":251,"column":20},"end":{"line":251,"column":38}},"107":{"start":{"line":254,"column":16},"end":{"line":254,"column":36}},"108":{"start":{"line":257,"column":12},"end":{"line":261,"column":13}},"109":{"start":{"line":258,"column":16},"end":{"line":258,"column":51}},"110":{"start":{"line":259,"column":19},"end":{"line":261,"column":13}},"111":{"start":{"line":260,"column":16},"end":{"line":260,"column":73}},"112":{"start":{"line":263,"column":12},"end":{"line":263,"column":87}},"113":{"start":{"line":264,"column":12},"end":{"line":296,"column":25}},"114":{"start":{"line":268,"column":16},"end":{"line":268,"column":33}},"115":{"start":{"line":269,"column":16},"end":{"line":269,"column":30}},"116":{"start":{"line":270,"column":16},"end":{"line":285,"column":19}},"117":{"start":{"line":271,"column":20},"end":{"line":273,"column":21}},"118":{"start":{"line":272,"column":24},"end":{"line":272,"column":109}},"119":{"start":{"line":275,"column":20},"end":{"line":275,"column":50}},"120":{"start":{"line":277,"column":20},"end":{"line":282,"column":21}},"121":{"start":{"line":278,"column":24},"end":{"line":278,"column":77}},"122":{"start":{"line":279,"column":24},"end":{"line":279,"column":100}},"123":{"start":{"line":281,"column":24},"end":{"line":281,"column":99}},"124":{"start":{"line":284,"column":20},"end":{"line":284,"column":33}},"125":{"start":{"line":287,"column":16},"end":{"line":289,"column":17}},"126":{"start":{"line":288,"column":20},"end":{"line":288,"column":97}},"127":{"start":{"line":291,"column":16},"end":{"line":293,"column":17}},"128":{"start":{"line":292,"column":20},"end":{"line":292,"column":51}},"129":{"start":{"line":295,"column":16},"end":{"line":295,"column":66}},"130":{"start":{"line":298,"column":12},"end":{"line":298,"column":34}},"131":{"start":{"line":299,"column":12},"end":{"line":305,"column":13}},"132":{"start":{"line":300,"column":16},"end":{"line":300,"column":79}},"133":{"start":{"line":301,"column":16},"end":{"line":301,"column":125}},"134":{"start":{"line":302,"column":16},"end":{"line":302,"column":87}},"135":{"start":{"line":304,"column":16},"end":{"line":304,"column":81}},"136":{"start":{"line":307,"column":12},"end":{"line":307,"column":156}},"137":{"start":{"line":310,"column":8},"end":{"line":310,"column":26}},"138":{"start":{"line":317,"column":8},"end":{"line":319,"column":11}},"139":{"start":{"line":318,"column":12},"end":{"line":318,"column":155}},"140":{"start":{"line":321,"column":8},"end":{"line":321,"column":20}},"141":{"start":{"line":326,"column":0},"end":{"line":326,"column":32}}},"branchMap":{"1":{"line":56,"type":"cond-expr","locations":[{"start":{"line":56,"column":70},"end":{"line":56,"column":73}},{"start":{"line":56,"column":76},"end":{"line":56,"column":92}}]},"2":{"line":56,"type":"binary-expr","locations":[{"start":{"line":56,"column":46},"end":{"line":56,"column":49}},{"start":{"line":56,"column":53},"end":{"line":56,"column":67}}]},"3":{"line":94,"type":"cond-expr","locations":[{"start":{"line":94,"column":58},"end":{"line":94,"column":66}},{"start":{"line":94,"column":69},"end":{"line":94,"column":78}}]},"4":{"line":95,"type":"cond-expr","locations":[{"start":{"line":95,"column":47},"end":{"line":95,"column":61}},{"start":{"line":95,"column":64},"end":{"line":95,"column":66}}]},"5":{"line":95,"type":"binary-expr","locations":[{"start":{"line":95,"column":47},"end":{"line":95,"column":55}},{"start":{"line":95,"column":59},"end":{"line":95,"column":61}}]},"6":{"line":96,"type":"cond-expr","locations":[{"start":{"line":96,"column":46},"end":{"line":96,"column":54}},{"start":{"line":96,"column":57},"end":{"line":96,"column":66}}]},"7":{"line":111,"type":"binary-expr","locations":[{"start":{"line":111,"column":103},"end":{"line":111,"column":110}},{"start":{"line":111,"column":114},"end":{"line":111,"column":143}}]},"8":{"line":111,"type":"binary-expr","locations":[{"start":{"line":111,"column":145},"end":{"line":111,"column":152}},{"start":{"line":111,"column":156},"end":{"line":111,"column":174}}]},"9":{"line":111,"type":"binary-expr","locations":[{"start":{"line":111,"column":176},"end":{"line":111,"column":183}},{"start":{"line":111,"column":187},"end":{"line":111,"column":204}}]},"10":{"line":124,"type":"if","locations":[{"start":{"line":124,"column":8},"end":{"line":124,"column":8}},{"start":{"line":124,"column":8},"end":{"line":124,"column":8}}]},"11":{"line":159,"type":"if","locations":[{"start":{"line":159,"column":8},"end":{"line":159,"column":8}},{"start":{"line":159,"column":8},"end":{"line":159,"column":8}}]},"12":{"line":164,"type":"if","locations":[{"start":{"line":164,"column":8},"end":{"line":164,"column":8}},{"start":{"line":164,"column":8},"end":{"line":164,"column":8}}]},"13":{"line":172,"type":"if","locations":[{"start":{"line":172,"column":8},"end":{"line":172,"column":8}},{"start":{"line":172,"column":8},"end":{"line":172,"column":8}}]},"14":{"line":174,"type":"if","locations":[{"start":{"line":174,"column":16},"end":{"line":174,"column":16}},{"start":{"line":174,"column":16},"end":{"line":174,"column":16}}]},"15":{"line":175,"type":"if","locations":[{"start":{"line":175,"column":20},"end":{"line":175,"column":20}},{"start":{"line":175,"column":20},"end":{"line":175,"column":20}}]},"16":{"line":182,"type":"if","locations":[{"start":{"line":182,"column":15},"end":{"line":182,"column":15}},{"start":{"line":182,"column":15},"end":{"line":182,"column":15}}]},"17":{"line":197,"type":"cond-expr","locations":[{"start":{"line":197,"column":37},"end":{"line":197,"column":70}},{"start":{"line":197,"column":73},"end":{"line":197,"column":163}}]},"18":{"line":205,"type":"if","locations":[{"start":{"line":205,"column":12},"end":{"line":205,"column":12}},{"start":{"line":205,"column":12},"end":{"line":205,"column":12}}]},"19":{"line":205,"type":"binary-expr","locations":[{"start":{"line":205,"column":16},"end":{"line":205,"column":24}},{"start":{"line":205,"column":29},"end":{"line":205,"column":66}}]},"20":{"line":207,"type":"if","locations":[{"start":{"line":207,"column":19},"end":{"line":207,"column":19}},{"start":{"line":207,"column":19},"end":{"line":207,"column":19}}]},"21":{"line":207,"type":"binary-expr","locations":[{"start":{"line":207,"column":23},"end":{"line":207,"column":31}},{"start":{"line":207,"column":36},"end":{"line":207,"column":75}}]},"22":{"line":215,"type":"if","locations":[{"start":{"line":215,"column":12},"end":{"line":215,"column":12}},{"start":{"line":215,"column":12},"end":{"line":215,"column":12}}]},"23":{"line":217,"type":"if","locations":[{"start":{"line":217,"column":19},"end":{"line":217,"column":19}},{"start":{"line":217,"column":19},"end":{"line":217,"column":19}}]},"24":{"line":223,"type":"if","locations":[{"start":{"line":223,"column":16},"end":{"line":223,"column":16}},{"start":{"line":223,"column":16},"end":{"line":223,"column":16}}]},"25":{"line":223,"type":"binary-expr","locations":[{"start":{"line":223,"column":20},"end":{"line":223,"column":27}},{"start":{"line":223,"column":31},"end":{"line":223,"column":48}}]},"26":{"line":227,"type":"if","locations":[{"start":{"line":227,"column":16},"end":{"line":227,"column":16}},{"start":{"line":227,"column":16},"end":{"line":227,"column":16}}]},"27":{"line":235,"type":"if","locations":[{"start":{"line":235,"column":16},"end":{"line":235,"column":16}},{"start":{"line":235,"column":16},"end":{"line":235,"column":16}}]},"28":{"line":235,"type":"binary-expr","locations":[{"start":{"line":235,"column":20},"end":{"line":235,"column":41}},{"start":{"line":235,"column":45},"end":{"line":235,"column":77}}]},"29":{"line":237,"type":"if","locations":[{"start":{"line":237,"column":20},"end":{"line":237,"column":20}},{"start":{"line":237,"column":20},"end":{"line":237,"column":20}}]},"30":{"line":238,"type":"if","locations":[{"start":{"line":238,"column":24},"end":{"line":238,"column":24}},{"start":{"line":238,"column":24},"end":{"line":238,"column":24}}]},"31":{"line":241,"type":"if","locations":[{"start":{"line":241,"column":27},"end":{"line":241,"column":27}},{"start":{"line":241,"column":27},"end":{"line":241,"column":27}}]},"32":{"line":247,"type":"cond-expr","locations":[{"start":{"line":247,"column":50},"end":{"line":247,"column":60}},{"start":{"line":247,"column":63},"end":{"line":247,"column":103}}]},"33":{"line":250,"type":"if","locations":[{"start":{"line":250,"column":16},"end":{"line":250,"column":16}},{"start":{"line":250,"column":16},"end":{"line":250,"column":16}}]},"34":{"line":257,"type":"if","locations":[{"start":{"line":257,"column":12},"end":{"line":257,"column":12}},{"start":{"line":257,"column":12},"end":{"line":257,"column":12}}]},"35":{"line":257,"type":"binary-expr","locations":[{"start":{"line":257,"column":16},"end":{"line":257,"column":24}},{"start":{"line":257,"column":28},"end":{"line":257,"column":38}}]},"36":{"line":259,"type":"if","locations":[{"start":{"line":259,"column":19},"end":{"line":259,"column":19}},{"start":{"line":259,"column":19},"end":{"line":259,"column":19}}]},"37":{"line":259,"type":"binary-expr","locations":[{"start":{"line":259,"column":23},"end":{"line":259,"column":31}},{"start":{"line":259,"column":35},"end":{"line":259,"column":46}}]},"38":{"line":264,"type":"cond-expr","locations":[{"start":{"line":264,"column":51},"end":{"line":264,"column":55}},{"start":{"line":267,"column":60},"end":{"line":296,"column":24}}]},"39":{"line":271,"type":"if","locations":[{"start":{"line":271,"column":20},"end":{"line":271,"column":20}},{"start":{"line":271,"column":20},"end":{"line":271,"column":20}}]},"40":{"line":277,"type":"if","locations":[{"start":{"line":277,"column":20},"end":{"line":277,"column":20}},{"start":{"line":277,"column":20},"end":{"line":277,"column":20}}]},"41":{"line":287,"type":"if","locations":[{"start":{"line":287,"column":16},"end":{"line":287,"column":16}},{"start":{"line":287,"column":16},"end":{"line":287,"column":16}}]},"42":{"line":291,"type":"if","locations":[{"start":{"line":291,"column":16},"end":{"line":291,"column":16}},{"start":{"line":291,"column":16},"end":{"line":291,"column":16}}]},"43":{"line":299,"type":"if","locations":[{"start":{"line":299,"column":12},"end":{"line":299,"column":12}},{"start":{"line":299,"column":12},"end":{"line":299,"column":12}}]},"44":{"line":301,"type":"cond-expr","locations":[{"start":{"line":301,"column":53},"end":{"line":301,"column":64}},{"start":{"line":301,"column":67},"end":{"line":301,"column":124}}]},"45":{"line":307,"type":"cond-expr","locations":[{"start":{"line":307,"column":117},"end":{"line":307,"column":124}},{"start":{"line":307,"column":127},"end":{"line":307,"column":130}}]}}},"/home/ubuntu/limosa/lib/Router.js":{"path":"/home/ubuntu/limosa/lib/Router.js","s":{"1":1,"2":1,"3":1,"4":1,"5":1,"6":1,"7":1,"8":1,"9":1,"10":3,"11":1,"12":1,"13":1,"14":2,"15":2,"16":2,"17":10,"18":8,"19":6,"20":8,"21":10,"22":21,"23":21,"24":21,"25":36,"26":36,"27":101,"28":101,"29":0,"30":101,"31":0,"32":101,"33":101,"34":65,"35":36,"36":36,"37":36,"38":15,"39":15,"40":15,"41":15,"42":15,"43":15,"44":15,"45":15,"46":14,"47":15,"48":21,"49":36,"50":36,"51":21,"52":21,"53":21,"54":21,"55":21,"56":21,"57":12,"58":4,"59":12,"60":18,"61":18,"62":17,"63":12,"64":0,"65":21,"66":19,"67":12,"68":12,"69":19,"70":8,"71":8,"72":19,"73":13,"74":21,"75":4,"76":21,"77":3,"78":3,"79":3,"80":0,"81":1},"b":{"1":[3,0],"2":[3,3],"3":[6,2],"4":[0,21],"5":[21,21],"6":[0,101],"7":[0,101],"8":[65,36],"9":[15,21],"10":[15,0],"11":[15,0],"12":[14,1],"13":[7,14],"14":[21,16],"15":[12,9],"16":[4,8],"17":[17,1],"18":[0,12],"19":[19,2],"20":[12,7],"21":[8,11],"22":[13,6],"23":[4,17],"24":[21,8]},"f":{"1":3,"2":2,"3":10,"4":8,"5":10,"6":21,"7":36,"8":21,"9":3},"fnMap":{"1":{"name":"_interopRequireDefault","line":24,"loc":{"start":{"line":24,"column":0},"end":{"line":24,"column":37}}},"2":{"name":"(anonymous_2)","line":33,"loc":{"start":{"line":33,"column":15},"end":{"line":33,"column":36}}},"3":{"name":"(anonymous_3)","line":45,"loc":{"start":{"line":45,"column":7},"end":{"line":45,"column":13}}},"4":{"name":"(anonymous_4)","line":53,"loc":{"start":{"line":53,"column":12},"end":{"line":53,"column":30}}},"5":{"name":"(anonymous_5)","line":65,"loc":{"start":{"line":65,"column":21},"end":{"line":65,"column":39}}},"6":{"name":"(anonymous_6)","line":74,"loc":{"start":{"line":74,"column":8},"end":{"line":74,"column":15}}},"7":{"name":"(anonymous_7)","line":89,"loc":{"start":{"line":89,"column":14},"end":{"line":89,"column":62}}},"8":{"name":"(anonymous_8)","line":161,"loc":{"start":{"line":161,"column":16},"end":{"line":161,"column":76}}},"9":{"name":"(anonymous_9)","line":226,"loc":{"start":{"line":226,"column":16},"end":{"line":226,"column":41}}}},"statementMap":{"1":{"start":{"line":3,"column":0},"end":{"line":5,"column":3}},"2":{"start":{"line":6,"column":0},"end":{"line":6,"column":28}},"3":{"start":{"line":8,"column":0},"end":{"line":8,"column":44}},"4":{"start":{"line":10,"column":0},"end":{"line":10,"column":45}},"5":{"start":{"line":12,"column":0},"end":{"line":12,"column":48}},"6":{"start":{"line":14,"column":0},"end":{"line":14,"column":49}},"7":{"start":{"line":16,"column":0},"end":{"line":16,"column":33}},"8":{"start":{"line":18,"column":0},"end":{"line":18,"column":46}},"9":{"start":{"line":24,"column":0},"end":{"line":24,"column":95}},"10":{"start":{"line":24,"column":39},"end":{"line":24,"column":93}},"11":{"start":{"line":26,"column":0},"end":{"line":26,"column":35}},"12":{"start":{"line":27,"column":0},"end":{"line":27,"column":33}},"13":{"start":{"line":29,"column":0},"end":{"line":234,"column":2}},"14":{"start":{"line":34,"column":8},"end":{"line":34,"column":36}},"15":{"start":{"line":35,"column":8},"end":{"line":35,"column":26}},"16":{"start":{"line":36,"column":8},"end":{"line":36,"column":54}},"17":{"start":{"line":46,"column":8},"end":{"line":46,"column":40}},"18":{"start":{"line":54,"column":8},"end":{"line":56,"column":9}},"19":{"start":{"line":55,"column":12},"end":{"line":55,"column":52}},"20":{"start":{"line":58,"column":8},"end":{"line":58,"column":33}},"21":{"start":{"line":66,"column":8},"end":{"line":66,"column":45}},"22":{"start":{"line":75,"column":8},"end":{"line":75,"column":93}},"23":{"start":{"line":77,"column":8},"end":{"line":77,"column":99}},"24":{"start":{"line":78,"column":8},"end":{"line":78,"column":63}},"25":{"start":{"line":90,"column":8},"end":{"line":90,"column":19}},"26":{"start":{"line":91,"column":8},"end":{"line":146,"column":11}},"27":{"start":{"line":93,"column":12},"end":{"line":93,"column":44}},"28":{"start":{"line":94,"column":12},"end":{"line":96,"column":13}},"29":{"start":{"line":95,"column":16},"end":{"line":95,"column":97}},"30":{"start":{"line":99,"column":12},"end":{"line":101,"column":13}},"31":{"start":{"line":100,"column":16},"end":{"line":100,"column":86}},"32":{"start":{"line":103,"column":12},"end":{"line":103,"column":48}},"33":{"start":{"line":104,"column":12},"end":{"line":106,"column":13}},"34":{"start":{"line":105,"column":16},"end":{"line":105,"column":29}},"35":{"start":{"line":109,"column":12},"end":{"line":109,"column":26}},"36":{"start":{"line":110,"column":12},"end":{"line":110,"column":42}},"37":{"start":{"line":112,"column":12},"end":{"line":143,"column":17}},"38":{"start":{"line":113,"column":16},"end":{"line":113,"column":58}},"39":{"start":{"line":116,"column":16},"end":{"line":129,"column":17}},"40":{"start":{"line":118,"column":20},"end":{"line":120,"column":21}},"41":{"start":{"line":119,"column":24},"end":{"line":119,"column":48}},"42":{"start":{"line":122,"column":20},"end":{"line":122,"column":34}},"43":{"start":{"line":123,"column":20},"end":{"line":128,"column":23}},"44":{"start":{"line":124,"column":24},"end":{"line":124,"column":53}},"45":{"start":{"line":125,"column":24},"end":{"line":127,"column":25}},"46":{"start":{"line":126,"column":28},"end":{"line":126,"column":62}},"47":{"start":{"line":139,"column":16},"end":{"line":139,"column":106}},"48":{"start":{"line":142,"column":20},"end":{"line":142,"column":106}},"49":{"start":{"line":145,"column":12},"end":{"line":145,"column":24}},"50":{"start":{"line":147,"column":8},"end":{"line":147,"column":22}},"51":{"start":{"line":162,"column":8},"end":{"line":162,"column":22}},"52":{"start":{"line":163,"column":8},"end":{"line":163,"column":95}},"53":{"start":{"line":165,"column":8},"end":{"line":165,"column":42}},"54":{"start":{"line":166,"column":8},"end":{"line":166,"column":34}},"55":{"start":{"line":168,"column":8},"end":{"line":168,"column":24}},"56":{"start":{"line":170,"column":8},"end":{"line":186,"column":9}},"57":{"start":{"line":172,"column":12},"end":{"line":174,"column":13}},"58":{"start":{"line":173,"column":16},"end":{"line":173,"column":40}},"59":{"start":{"line":176,"column":12},"end":{"line":181,"column":15}},"60":{"start":{"line":177,"column":16},"end":{"line":177,"column":45}},"61":{"start":{"line":178,"column":16},"end":{"line":180,"column":17}},"62":{"start":{"line":179,"column":20},"end":{"line":179,"column":54}},"63":{"start":{"line":183,"column":12},"end":{"line":185,"column":13}},"64":{"start":{"line":184,"column":16},"end":{"line":184,"column":40}},"65":{"start":{"line":188,"column":8},"end":{"line":205,"column":9}},"66":{"start":{"line":190,"column":12},"end":{"line":194,"column":13}},"67":{"start":{"line":191,"column":16},"end":{"line":191,"column":103}},"68":{"start":{"line":193,"column":16},"end":{"line":193,"column":49}},"69":{"start":{"line":196,"column":12},"end":{"line":200,"column":13}},"70":{"start":{"line":197,"column":16},"end":{"line":197,"column":95}},"71":{"start":{"line":199,"column":16},"end":{"line":199,"column":45}},"72":{"start":{"line":202,"column":12},"end":{"line":204,"column":13}},"73":{"start":{"line":203,"column":16},"end":{"line":203,"column":40}},"74":{"start":{"line":208,"column":8},"end":{"line":210,"column":9}},"75":{"start":{"line":209,"column":12},"end":{"line":209,"column":50}},"76":{"start":{"line":212,"column":8},"end":{"line":212,"column":106}},"77":{"start":{"line":227,"column":8},"end":{"line":227,"column":52}},"78":{"start":{"line":228,"column":8},"end":{"line":232,"column":9}},"79":{"start":{"line":229,"column":12},"end":{"line":229,"column":54}},"80":{"start":{"line":231,"column":12},"end":{"line":231,"column":41}},"81":{"start":{"line":235,"column":0},"end":{"line":235,"column":25}}},"branchMap":{"1":{"line":24,"type":"cond-expr","locations":[{"start":{"line":24,"column":70},"end":{"line":24,"column":73}},{"start":{"line":24,"column":76},"end":{"line":24,"column":92}}]},"2":{"line":24,"type":"binary-expr","locations":[{"start":{"line":24,"column":46},"end":{"line":24,"column":49}},{"start":{"line":24,"column":53},"end":{"line":24,"column":67}}]},"3":{"line":54,"type":"if","locations":[{"start":{"line":54,"column":8},"end":{"line":54,"column":8}},{"start":{"line":54,"column":8},"end":{"line":54,"column":8}}]},"4":{"line":75,"type":"cond-expr","locations":[{"start":{"line":75,"column":73},"end":{"line":75,"column":77}},{"start":{"line":75,"column":80},"end":{"line":75,"column":92}}]},"5":{"line":75,"type":"binary-expr","locations":[{"start":{"line":75,"column":19},"end":{"line":75,"column":40}},{"start":{"line":75,"column":44},"end":{"line":75,"column":70}}]},"6":{"line":94,"type":"if","locations":[{"start":{"line":94,"column":12},"end":{"line":94,"column":12}},{"start":{"line":94,"column":12},"end":{"line":94,"column":12}}]},"7":{"line":99,"type":"if","locations":[{"start":{"line":99,"column":12},"end":{"line":99,"column":12}},{"start":{"line":99,"column":12},"end":{"line":99,"column":12}}]},"8":{"line":104,"type":"if","locations":[{"start":{"line":104,"column":12},"end":{"line":104,"column":12}},{"start":{"line":104,"column":12},"end":{"line":104,"column":12}}]},"9":{"line":112,"type":"if","locations":[{"start":{"line":112,"column":12},"end":{"line":112,"column":12}},{"start":{"line":112,"column":12},"end":{"line":112,"column":12}}]},"10":{"line":116,"type":"if","locations":[{"start":{"line":116,"column":16},"end":{"line":116,"column":16}},{"start":{"line":116,"column":16},"end":{"line":116,"column":16}}]},"11":{"line":118,"type":"if","locations":[{"start":{"line":118,"column":20},"end":{"line":118,"column":20}},{"start":{"line":118,"column":20},"end":{"line":118,"column":20}}]},"12":{"line":125,"type":"if","locations":[{"start":{"line":125,"column":24},"end":{"line":125,"column":24}},{"start":{"line":125,"column":24},"end":{"line":125,"column":24}}]},"13":{"line":163,"type":"cond-expr","locations":[{"start":{"line":163,"column":63},"end":{"line":163,"column":72}},{"start":{"line":163,"column":75},"end":{"line":163,"column":94}}]},"14":{"line":163,"type":"binary-expr","locations":[{"start":{"line":163,"column":24},"end":{"line":163,"column":40}},{"start":{"line":163,"column":44},"end":{"line":163,"column":60}}]},"15":{"line":170,"type":"if","locations":[{"start":{"line":170,"column":8},"end":{"line":170,"column":8}},{"start":{"line":170,"column":8},"end":{"line":170,"column":8}}]},"16":{"line":172,"type":"if","locations":[{"start":{"line":172,"column":12},"end":{"line":172,"column":12}},{"start":{"line":172,"column":12},"end":{"line":172,"column":12}}]},"17":{"line":178,"type":"if","locations":[{"start":{"line":178,"column":16},"end":{"line":178,"column":16}},{"start":{"line":178,"column":16},"end":{"line":178,"column":16}}]},"18":{"line":183,"type":"if","locations":[{"start":{"line":183,"column":12},"end":{"line":183,"column":12}},{"start":{"line":183,"column":12},"end":{"line":183,"column":12}}]},"19":{"line":188,"type":"if","locations":[{"start":{"line":188,"column":8},"end":{"line":188,"column":8}},{"start":{"line":188,"column":8},"end":{"line":188,"column":8}}]},"20":{"line":190,"type":"if","locations":[{"start":{"line":190,"column":12},"end":{"line":190,"column":12}},{"start":{"line":190,"column":12},"end":{"line":190,"column":12}}]},"21":{"line":196,"type":"if","locations":[{"start":{"line":196,"column":12},"end":{"line":196,"column":12}},{"start":{"line":196,"column":12},"end":{"line":196,"column":12}}]},"22":{"line":202,"type":"if","locations":[{"start":{"line":202,"column":12},"end":{"line":202,"column":12}},{"start":{"line":202,"column":12},"end":{"line":202,"column":12}}]},"23":{"line":208,"type":"if","locations":[{"start":{"line":208,"column":8},"end":{"line":208,"column":8}},{"start":{"line":208,"column":8},"end":{"line":208,"column":8}}]},"24":{"line":208,"type":"binary-expr","locations":[{"start":{"line":208,"column":12},"end":{"line":208,"column":36}},{"start":{"line":208,"column":40},"end":{"line":208,"column":52}}]}}},"/home/ubuntu/limosa/lib/RouterRoute/Route.js":{"path":"/home/ubuntu/limosa/lib/RouterRoute/Route.js","s":{"1":1,"2":1,"3":1,"4":1,"5":1,"6":1,"7":1,"8":10,"9":10,"10":10,"11":10,"12":1},"b":{"1":[1,0],"2":[1,1]},"f":{"1":1,"2":10},"fnMap":{"1":{"name":"_interopRequireDefault","line":16,"loc":{"start":{"line":16,"column":0},"end":{"line":16,"column":37}}},"2":{"name":"(anonymous_2)","line":25,"loc":{"start":{"line":25,"column":15},"end":{"line":25,"column":60}}}},"statementMap":{"1":{"start":{"line":3,"column":0},"end":{"line":5,"column":3}},"2":{"start":{"line":6,"column":0},"end":{"line":6,"column":28}},"3":{"start":{"line":8,"column":0},"end":{"line":8,"column":34}},"4":{"start":{"line":10,"column":0},"end":{"line":10,"column":47}},"5":{"start":{"line":16,"column":0},"end":{"line":16,"column":95}},"6":{"start":{"line":16,"column":39},"end":{"line":16,"column":93}},"7":{"start":{"line":18,"column":0},"end":{"line":31,"column":2}},"8":{"start":{"line":26,"column":8},"end":{"line":26,"column":27}},"9":{"start":{"line":27,"column":8},"end":{"line":27,"column":37}},"10":{"start":{"line":28,"column":8},"end":{"line":28,"column":29}},"11":{"start":{"line":29,"column":8},"end":{"line":29,"column":35}},"12":{"start":{"line":32,"column":0},"end":{"line":32,"column":30}}},"branchMap":{"1":{"line":16,"type":"cond-expr","locations":[{"start":{"line":16,"column":70},"end":{"line":16,"column":73}},{"start":{"line":16,"column":76},"end":{"line":16,"column":92}}]},"2":{"line":16,"type":"binary-expr","locations":[{"start":{"line":16,"column":46},"end":{"line":16,"column":49}},{"start":{"line":16,"column":53},"end":{"line":16,"column":67}}]}}},"/home/ubuntu/limosa/lib/RouterRoute/Common.js":{"path":"/home/ubuntu/limosa/lib/RouterRoute/Common.js","s":{"1":1,"2":1,"3":12,"4":12,"5":42,"6":115,"7":19,"8":1},"b":{},"f":{"1":12,"2":42,"3":115,"4":19},"fnMap":{"1":{"name":"(anonymous_1)","line":10,"loc":{"start":{"line":10,"column":15},"end":{"line":10,"column":29}}},"2":{"name":"(anonymous_2)","line":18,"loc":{"start":{"line":18,"column":23},"end":{"line":18,"column":26}}},"3":{"name":"(anonymous_3)","line":26,"loc":{"start":{"line":26,"column":7},"end":{"line":26,"column":14}}},"4":{"name":"(anonymous_4)","line":34,"loc":{"start":{"line":34,"column":7},"end":{"line":34,"column":21}}}},"statementMap":{"1":{"start":{"line":3,"column":0},"end":{"line":5,"column":3}},"2":{"start":{"line":6,"column":0},"end":{"line":37,"column":2}},"3":{"start":{"line":11,"column":8},"end":{"line":11,"column":39}},"4":{"start":{"line":12,"column":8},"end":{"line":12,"column":32}},"5":{"start":{"line":19,"column":8},"end":{"line":19,"column":39}},"6":{"start":{"line":27,"column":8},"end":{"line":27,"column":37}},"7":{"start":{"line":35,"column":8},"end":{"line":35,"column":37}},"8":{"start":{"line":38,"column":0},"end":{"line":38,"column":36}}},"branchMap":{}},"/home/ubuntu/limosa/lib/RouterRoute/Segment.js":{"path":"/home/ubuntu/limosa/lib/RouterRoute/Segment.js","s":{"1":1,"2":1,"3":1,"4":1,"5":1,"6":1,"7":1,"8":2,"9":2,"10":0,"11":1},"b":{"1":[1,0],"2":[1,1]},"f":{"1":1,"2":2,"3":0},"fnMap":{"1":{"name":"_interopRequireDefault","line":16,"loc":{"start":{"line":16,"column":0},"end":{"line":16,"column":37}}},"2":{"name":"(anonymous_2)","line":22,"loc":{"start":{"line":22,"column":15},"end":{"line":22,"column":29}}},"3":{"name":"(anonymous_3)","line":32,"loc":{"start":{"line":32,"column":19},"end":{"line":32,"column":34}}}},"statementMap":{"1":{"start":{"line":3,"column":0},"end":{"line":5,"column":3}},"2":{"start":{"line":6,"column":0},"end":{"line":6,"column":28}},"3":{"start":{"line":8,"column":0},"end":{"line":8,"column":34}},"4":{"start":{"line":10,"column":0},"end":{"line":10,"column":47}},"5":{"start":{"line":16,"column":0},"end":{"line":16,"column":95}},"6":{"start":{"line":16,"column":39},"end":{"line":16,"column":93}},"7":{"start":{"line":18,"column":0},"end":{"line":35,"column":2}},"8":{"start":{"line":23,"column":8},"end":{"line":23,"column":27}},"9":{"start":{"line":24,"column":8},"end":{"line":24,"column":28}},"10":{"start":{"line":33,"column":8},"end":{"line":33,"column":41}},"11":{"start":{"line":36,"column":0},"end":{"line":36,"column":37}}},"branchMap":{"1":{"line":16,"type":"cond-expr","locations":[{"start":{"line":16,"column":70},"end":{"line":16,"column":73}},{"start":{"line":16,"column":76},"end":{"line":16,"column":92}}]},"2":{"line":16,"type":"binary-expr","locations":[{"start":{"line":16,"column":46},"end":{"line":16,"column":49}},{"start":{"line":16,"column":53},"end":{"line":16,"column":67}}]}}},"/home/ubuntu/limosa/lib/Route.js":{"path":"/home/ubuntu/limosa/lib/Route.js","s":{"1":1,"2":1,"3":21,"4":21,"5":21,"6":21,"7":21,"8":21,"9":21,"10":1},"b":{},"f":{"1":21},"fnMap":{"1":{"name":"(anonymous_1)","line":15,"loc":{"start":{"line":15,"column":15},"end":{"line":15,"column":78}}}},"statementMap":{"1":{"start":{"line":3,"column":0},"end":{"line":5,"column":3}},"2":{"start":{"line":6,"column":0},"end":{"line":24,"column":2}},"3":{"start":{"line":16,"column":8},"end":{"line":16,"column":23}},"4":{"start":{"line":17,"column":8},"end":{"line":17,"column":37}},"5":{"start":{"line":18,"column":8},"end":{"line":18,"column":29}},"6":{"start":{"line":19,"column":8},"end":{"line":19,"column":39}},"7":{"start":{"line":20,"column":8},"end":{"line":20,"column":39}},"8":{"start":{"line":21,"column":8},"end":{"line":21,"column":35}},"9":{"start":{"line":22,"column":8},"end":{"line":22,"column":28}},"10":{"start":{"line":25,"column":0},"end":{"line":25,"column":24}}},"branchMap":{}},"/home/ubuntu/limosa/lib/RouterRoute/Lang.js":{"path":"/home/ubuntu/limosa/lib/RouterRoute/Lang.js","s":{"1":1,"2":1,"3":19,"4":19,"5":101,"6":20,"7":1},"b":{},"f":{"1":19,"2":101,"3":20},"fnMap":{"1":{"name":"(anonymous_1)","line":11,"loc":{"start":{"line":11,"column":15},"end":{"line":11,"column":38}}},"2":{"name":"(anonymous_2)","line":20,"loc":{"start":{"line":20,"column":9},"end":{"line":20,"column":17}}},"3":{"name":"(anonymous_3)","line":31,"loc":{"start":{"line":31,"column":7},"end":{"line":31,"column":14}}}},"statementMap":{"1":{"start":{"line":3,"column":0},"end":{"line":5,"column":3}},"2":{"start":{"line":6,"column":0},"end":{"line":34,"column":2}},"3":{"start":{"line":12,"column":8},"end":{"line":12,"column":29}},"4":{"start":{"line":13,"column":8},"end":{"line":13,"column":41}},"5":{"start":{"line":21,"column":8},"end":{"line":21,"column":40}},"6":{"start":{"line":32,"column":8},"end":{"line":32,"column":48}},"7":{"start":{"line":35,"column":0},"end":{"line":35,"column":34}}},"branchMap":{}},"/home/ubuntu/limosa/lib/UrlGenerator/UrlGenerator.js":{"path":"/home/ubuntu/limosa/lib/UrlGenerator/UrlGenerator.js","s":{"1":1,"2":1,"3":19,"4":19,"5":20,"6":20,"7":16,"8":0,"9":16,"10":11,"11":16,"12":0,"13":16,"14":0,"15":4,"16":0,"17":20,"18":1},"b":{"1":[16,4],"2":[0,16],"3":[11,5],"4":[0,16],"5":[0,16],"6":[0,4]},"f":{"1":19,"2":20},"fnMap":{"1":{"name":"(anonymous_1)","line":11,"loc":{"start":{"line":11,"column":15},"end":{"line":11,"column":34}}},"2":{"name":"(anonymous_2)","line":23,"loc":{"start":{"line":23,"column":12},"end":{"line":23,"column":19}}}},"statementMap":{"1":{"start":{"line":3,"column":0},"end":{"line":5,"column":3}},"2":{"start":{"line":6,"column":0},"end":{"line":46,"column":2}},"3":{"start":{"line":12,"column":8},"end":{"line":12,"column":27}},"4":{"start":{"line":13,"column":8},"end":{"line":13,"column":35}},"5":{"start":{"line":24,"column":8},"end":{"line":24,"column":44}},"6":{"start":{"line":26,"column":8},"end":{"line":42,"column":9}},"7":{"start":{"line":27,"column":12},"end":{"line":31,"column":13}},"8":{"start":{"line":28,"column":16},"end":{"line":28,"column":46}},"9":{"start":{"line":29,"column":19},"end":{"line":31,"column":13}},"10":{"start":{"line":30,"column":16},"end":{"line":30,"column":46}},"11":{"start":{"line":33,"column":12},"end":{"line":35,"column":13}},"12":{"start":{"line":34,"column":16},"end":{"line":34,"column":48}},"13":{"start":{"line":37,"column":12},"end":{"line":39,"column":13}},"14":{"start":{"line":38,"column":16},"end":{"line":38,"column":41}},"15":{"start":{"line":40,"column":15},"end":{"line":42,"column":9}},"16":{"start":{"line":41,"column":12},"end":{"line":41,"column":42}},"17":{"start":{"line":44,"column":8},"end":{"line":44,"column":19}},"18":{"start":{"line":47,"column":0},"end":{"line":47,"column":31}}},"branchMap":{"1":{"line":26,"type":"if","locations":[{"start":{"line":26,"column":8},"end":{"line":26,"column":8}},{"start":{"line":26,"column":8},"end":{"line":26,"column":8}}]},"2":{"line":27,"type":"if","locations":[{"start":{"line":27,"column":12},"end":{"line":27,"column":12}},{"start":{"line":27,"column":12},"end":{"line":27,"column":12}}]},"3":{"line":29,"type":"if","locations":[{"start":{"line":29,"column":19},"end":{"line":29,"column":19}},{"start":{"line":29,"column":19},"end":{"line":29,"column":19}}]},"4":{"line":33,"type":"if","locations":[{"start":{"line":33,"column":12},"end":{"line":33,"column":12}},{"start":{"line":33,"column":12},"end":{"line":33,"column":12}}]},"5":{"line":37,"type":"if","locations":[{"start":{"line":37,"column":12},"end":{"line":37,"column":12}},{"start":{"line":37,"column":12},"end":{"line":37,"column":12}}]},"6":{"line":40,"type":"if","locations":[{"start":{"line":40,"column":15},"end":{"line":40,"column":15}},{"start":{"line":40,"column":15},"end":{"line":40,"column":15}}]}}},"/home/ubuntu/limosa/lib/UrlGenerator/UrlGeneratorNamedParamPart.js":{"path":"/home/ubuntu/limosa/lib/UrlGenerator/UrlGeneratorNamedParamPart.js","s":{"1":1,"2":1,"3":20,"4":20,"5":33,"6":2,"7":29,"8":8,"9":21,"10":1},"b":{"1":[2,29],"2":[8,21],"3":[29,24]},"f":{"1":20,"2":33},"fnMap":{"1":{"name":"(anonymous_1)","line":11,"loc":{"start":{"line":11,"column":15},"end":{"line":11,"column":38}}},"2":{"name":"(anonymous_2)","line":20,"loc":{"start":{"line":20,"column":12},"end":{"line":20,"column":19}}}},"statementMap":{"1":{"start":{"line":3,"column":0},"end":{"line":5,"column":3}},"2":{"start":{"line":6,"column":0},"end":{"line":32,"column":2}},"3":{"start":{"line":12,"column":8},"end":{"line":12,"column":35}},"4":{"start":{"line":13,"column":8},"end":{"line":13,"column":35}},"5":{"start":{"line":21,"column":8},"end":{"line":23,"column":9}},"6":{"start":{"line":22,"column":12},"end":{"line":22,"column":73}},"7":{"start":{"line":25,"column":8},"end":{"line":27,"column":9}},"8":{"start":{"line":26,"column":12},"end":{"line":26,"column":56}},"9":{"start":{"line":29,"column":8},"end":{"line":29,"column":36}},"10":{"start":{"line":33,"column":0},"end":{"line":33,"column":45}}},"branchMap":{"1":{"line":21,"type":"if","locations":[{"start":{"line":21,"column":8},"end":{"line":21,"column":8}},{"start":{"line":21,"column":8},"end":{"line":21,"column":8}}]},"2":{"line":25,"type":"if","locations":[{"start":{"line":25,"column":8},"end":{"line":25,"column":8}},{"start":{"line":25,"column":8},"end":{"line":25,"column":8}}]},"3":{"line":25,"type":"binary-expr","locations":[{"start":{"line":25,"column":12},"end":{"line":25,"column":43}},{"start":{"line":25,"column":47},"end":{"line":25,"column":74}}]}}},"/home/ubuntu/limosa/lib/UrlGenerator/UrlGeneratorOptionalGroupPart.js":{"path":"/home/ubuntu/limosa/lib/UrlGenerator/UrlGeneratorOptionalGroupPart.js","s":{"1":1,"2":1,"3":3,"4":7,"5":7,"6":4,"7":1},"b":{},"f":{"1":3,"2":7},"fnMap":{"1":{"name":"(anonymous_1)","line":12,"loc":{"start":{"line":12,"column":15},"end":{"line":12,"column":23}}},"2":{"name":"(anonymous_2)","line":20,"loc":{"start":{"line":20,"column":12},"end":{"line":20,"column":19}}}},"statementMap":{"1":{"start":{"line":3,"column":0},"end":{"line":5,"column":3}},"2":{"start":{"line":6,"column":0},"end":{"line":27,"column":2}},"3":{"start":{"line":13,"column":8},"end":{"line":13,"column":27}},"4":{"start":{"line":21,"column":8},"end":{"line":25,"column":9}},"5":{"start":{"line":22,"column":12},"end":{"line":22,"column":45}},"6":{"start":{"line":24,"column":12},"end":{"line":24,"column":22}},"7":{"start":{"line":28,"column":0},"end":{"line":28,"column":48}}},"branchMap":{}},"/home/ubuntu/limosa/lib/UrlGenerator/UrlGeneratorPartArray.js":{"path":"/home/ubuntu/limosa/lib/UrlGenerator/UrlGeneratorPartArray.js","s":{"1":1,"2":1,"3":22,"4":37,"5":94,"6":1},"b":{},"f":{"1":22,"2":37},"fnMap":{"1":{"name":"(anonymous_1)","line":12,"loc":{"start":{"line":12,"column":15},"end":{"line":12,"column":23}}},"2":{"name":"(anonymous_2)","line":20,"loc":{"start":{"line":20,"column":12},"end":{"line":20,"column":19}}}},"statementMap":{"1":{"start":{"line":3,"column":0},"end":{"line":5,"column":3}},"2":{"start":{"line":6,"column":0},"end":{"line":24,"column":2}},"3":{"start":{"line":13,"column":8},"end":{"line":13,"column":27}},"4":{"start":{"line":21,"column":8},"end":{"line":21,"column":62}},"5":{"start":{"line":21,"column":35},"end":{"line":21,"column":51}},"6":{"start":{"line":25,"column":0},"end":{"line":25,"column":40}}},"branchMap":{}},"/home/ubuntu/limosa/lib/UrlGenerator/UrlGeneratorStringPart.js":{"path":"/home/ubuntu/limosa/lib/UrlGenerator/UrlGeneratorStringPart.js","s":{"1":1,"2":1,"3":27,"4":44,"5":1},"b":{},"f":{"1":27,"2":44},"fnMap":{"1":{"name":"(anonymous_1)","line":10,"loc":{"start":{"line":10,"column":15},"end":{"line":10,"column":24}}},"2":{"name":"(anonymous_2)","line":17,"loc":{"start":{"line":17,"column":12},"end":{"line":17,"column":15}}}},"statementMap":{"1":{"start":{"line":3,"column":0},"end":{"line":5,"column":3}},"2":{"start":{"line":6,"column":0},"end":{"line":20,"column":2}},"3":{"start":{"line":11,"column":8},"end":{"line":11,"column":29}},"4":{"start":{"line":18,"column":8},"end":{"line":18,"column":27}},"5":{"start":{"line":21,"column":0},"end":{"line":21,"column":41}}},"branchMap":{}},"/home/ubuntu/limosa/lib/RouterBuilder/RouterBuilderSegment.js":{"path":"/home/ubuntu/limosa/lib/RouterBuilder/RouterBuilderSegment.js","s":{"1":1,"2":1,"3":2,"4":2,"5":2,"6":2,"7":2,"8":2,"9":2,"10":4,"11":2,"12":2,"13":2,"14":2,"15":0,"16":0,"17":0,"18":0,"19":0,"20":0,"21":0,"22":1},"b":{"1":[4,2],"2":[4,2],"3":[4,2],"4":[0,0]},"f":{"1":2,"2":2,"3":4,"4":2,"5":0},"fnMap":{"1":{"name":"(anonymous_1)","line":15,"loc":{"start":{"line":15,"column":15},"end":{"line":15,"column":40}}},"2":{"name":"(anonymous_2)","line":30,"loc":{"start":{"line":30,"column":7},"end":{"line":30,"column":72}}},"3":{"name":"(anonymous_3)","line":46,"loc":{"start":{"line":46,"column":16},"end":{"line":46,"column":81}}},"4":{"name":"(anonymous_4)","line":58,"loc":{"start":{"line":58,"column":16},"end":{"line":58,"column":71}}},"5":{"name":"(anonymous_5)","line":74,"loc":{"start":{"line":74,"column":14},"end":{"line":74,"column":48}}}},"statementMap":{"1":{"start":{"line":3,"column":0},"end":{"line":5,"column":3}},"2":{"start":{"line":9,"column":0},"end":{"line":85,"column":2}},"3":{"start":{"line":16,"column":8},"end":{"line":16,"column":31}},"4":{"start":{"line":17,"column":8},"end":{"line":17,"column":27}},"5":{"start":{"line":18,"column":8},"end":{"line":18,"column":29}},"6":{"start":{"line":31,"column":8},"end":{"line":31,"column":104}},"7":{"start":{"line":32,"column":8},"end":{"line":32,"column":41}},"8":{"start":{"line":33,"column":8},"end":{"line":33,"column":63}},"9":{"start":{"line":34,"column":8},"end":{"line":34,"column":20}},"10":{"start":{"line":47,"column":8},"end":{"line":47,"column":208}},"11":{"start":{"line":59,"column":8},"end":{"line":59,"column":98}},"12":{"start":{"line":62,"column":8},"end":{"line":62,"column":41}},"13":{"start":{"line":63,"column":8},"end":{"line":63,"column":63}},"14":{"start":{"line":64,"column":8},"end":{"line":64,"column":20}},"15":{"start":{"line":75,"column":8},"end":{"line":78,"column":9}},"16":{"start":{"line":76,"column":12},"end":{"line":76,"column":35}},"17":{"start":{"line":77,"column":12},"end":{"line":77,"column":25}},"18":{"start":{"line":80,"column":8},"end":{"line":80,"column":128}},"19":{"start":{"line":81,"column":8},"end":{"line":81,"column":81}},"20":{"start":{"line":82,"column":8},"end":{"line":82,"column":30}},"21":{"start":{"line":83,"column":8},"end":{"line":83,"column":42}},"22":{"start":{"line":86,"column":0},"end":{"line":86,"column":39}}},"branchMap":{"1":{"line":47,"type":"binary-expr","locations":[{"start":{"line":47,"column":105},"end":{"line":47,"column":112}},{"start":{"line":47,"column":116},"end":{"line":47,"column":145}}]},"2":{"line":47,"type":"binary-expr","locations":[{"start":{"line":47,"column":147},"end":{"line":47,"column":154}},{"start":{"line":47,"column":158},"end":{"line":47,"column":176}}]},"3":{"line":47,"type":"binary-expr","locations":[{"start":{"line":47,"column":178},"end":{"line":47,"column":185}},{"start":{"line":47,"column":189},"end":{"line":47,"column":206}}]},"4":{"line":75,"type":"if","locations":[{"start":{"line":75,"column":8},"end":{"line":75,"column":8}},{"start":{"line":75,"column":8},"end":{"line":75,"column":8}}]}}},"/home/ubuntu/limosa/lib/RoutesTranslations.js":{"path":"/home/ubuntu/limosa/lib/RoutesTranslations.js","s":{"1":1,"2":1,"3":1,"4":0,"5":0,"6":0,"7":0,"8":0,"9":0,"10":0,"11":0,"12":0,"13":0,"14":0,"15":0,"16":0,"17":0,"18":0,"19":0,"20":0,"21":1,"22":13,"23":13,"24":0,"25":0,"26":0,"27":1,"28":2,"29":2,"30":0,"31":2,"32":5,"33":5,"34":5,"35":5,"36":8,"37":8,"38":8,"39":8,"40":3,"41":8,"42":8,"43":8,"44":17,"45":17,"46":17,"47":0,"48":17,"49":21,"50":21,"51":21,"52":0,"53":21,"54":1},"b":{"1":[0,0],"2":[0,0],"3":[0,0],"4":[0,0],"5":[0,0],"6":[13,0],"7":[0,0],"8":[0,2],"9":[3,5],"10":[0,17],"11":[0,21]},"f":{"1":1,"2":0,"3":13,"4":2,"5":17,"6":21},"fnMap":{"1":{"name":"(anonymous_1)","line":9,"loc":{"start":{"line":9,"column":24},"end":{"line":9,"column":36}}},"2":{"name":"sliceIterator","line":13,"loc":{"start":{"line":13,"column":41},"end":{"line":13,"column":72}}},"3":{"name":"(anonymous_3)","line":17,"loc":{"start":{"line":17,"column":445},"end":{"line":17,"column":463}}},"4":{"name":"(anonymous_4)","line":26,"loc":{"start":{"line":26,"column":15},"end":{"line":26,"column":30}}},"5":{"name":"(anonymous_5)","line":65,"loc":{"start":{"line":65,"column":13},"end":{"line":65,"column":28}}},"6":{"name":"(anonymous_6)","line":81,"loc":{"start":{"line":81,"column":15},"end":{"line":81,"column":30}}}},"statementMap":{"1":{"start":{"line":3,"column":0},"end":{"line":5,"column":3}},"2":{"start":{"line":7,"column":0},"end":{"line":17,"column":675}},"3":{"start":{"line":13,"column":41},"end":{"line":13,"column":434}},"4":{"start":{"line":13,"column":74},"end":{"line":13,"column":88}},"5":{"start":{"line":13,"column":89},"end":{"line":13,"column":103}},"6":{"start":{"line":13,"column":104},"end":{"line":13,"column":119}},"7":{"start":{"line":13,"column":120},"end":{"line":13,"column":139}},"8":{"start":{"line":13,"column":140},"end":{"line":13,"column":419}},"9":{"start":{"line":13,"column":146},"end":{"line":13,"column":289}},"10":{"start":{"line":13,"column":232},"end":{"line":13,"column":252}},"11":{"start":{"line":13,"column":253},"end":{"line":13,"column":287}},"12":{"start":{"line":13,"column":281},"end":{"line":13,"column":287}},"13":{"start":{"line":13,"column":306},"end":{"line":13,"column":316}},"14":{"start":{"line":13,"column":317},"end":{"line":13,"column":326}},"15":{"start":{"line":13,"column":339},"end":{"line":13,"column":417}},"16":{"start":{"line":13,"column":345},"end":{"line":13,"column":385}},"17":{"start":{"line":13,"column":370},"end":{"line":13,"column":385}},"18":{"start":{"line":13,"column":398},"end":{"line":13,"column":415}},"19":{"start":{"line":13,"column":406},"end":{"line":13,"column":415}},"20":{"start":{"line":13,"column":420},"end":{"line":13,"column":432}},"21":{"start":{"line":13,"column":435},"end":{"line":17,"column":670}},"22":{"start":{"line":17,"column":465},"end":{"line":17,"column":665}},"23":{"start":{"line":17,"column":491},"end":{"line":17,"column":502}},"24":{"start":{"line":17,"column":510},"end":{"line":17,"column":665}},"25":{"start":{"line":17,"column":548},"end":{"line":17,"column":577}},"26":{"start":{"line":17,"column":587},"end":{"line":17,"column":663}},"27":{"start":{"line":22,"column":0},"end":{"line":91,"column":2}},"28":{"start":{"line":27,"column":8},"end":{"line":27,"column":36}},"29":{"start":{"line":29,"column":8},"end":{"line":31,"column":9}},"30":{"start":{"line":30,"column":12},"end":{"line":30,"column":19}},"31":{"start":{"line":33,"column":8},"end":{"line":57,"column":9}},"32":{"start":{"line":34,"column":12},"end":{"line":34,"column":48}},"33":{"start":{"line":36,"column":12},"end":{"line":36,"column":31}},"34":{"start":{"line":37,"column":12},"end":{"line":37,"column":43}},"35":{"start":{"line":39,"column":12},"end":{"line":56,"column":13}},"36":{"start":{"line":40,"column":16},"end":{"line":40,"column":53}},"37":{"start":{"line":42,"column":16},"end":{"line":42,"column":36}},"38":{"start":{"line":43,"column":16},"end":{"line":43,"column":43}},"39":{"start":{"line":45,"column":16},"end":{"line":50,"column":17}},"40":{"start":{"line":46,"column":20},"end":{"line":49,"column":23}},"41":{"start":{"line":52,"column":16},"end":{"line":52,"column":59}},"42":{"start":{"line":54,"column":16},"end":{"line":54,"column":71}},"43":{"start":{"line":55,"column":16},"end":{"line":55,"column":73}},"44":{"start":{"line":66,"column":8},"end":{"line":66,"column":38}},"45":{"start":{"line":67,"column":8},"end":{"line":67,"column":68}},"46":{"start":{"line":69,"column":8},"end":{"line":71,"column":9}},"47":{"start":{"line":70,"column":12},"end":{"line":70,"column":82}},"48":{"start":{"line":73,"column":8},"end":{"line":73,"column":43}},"49":{"start":{"line":82,"column":8},"end":{"line":82,"column":38}},"50":{"start":{"line":83,"column":8},"end":{"line":83,"column":70}},"51":{"start":{"line":85,"column":8},"end":{"line":87,"column":9}},"52":{"start":{"line":86,"column":12},"end":{"line":86,"column":84}},"53":{"start":{"line":89,"column":8},"end":{"line":89,"column":43}},"54":{"start":{"line":92,"column":0},"end":{"line":92,"column":37}}},"branchMap":{"1":{"line":13,"type":"if","locations":[{"start":{"line":13,"column":253},"end":{"line":13,"column":253}},{"start":{"line":13,"column":253},"end":{"line":13,"column":253}}]},"2":{"line":13,"type":"binary-expr","locations":[{"start":{"line":13,"column":257},"end":{"line":13,"column":258}},{"start":{"line":13,"column":262},"end":{"line":13,"column":279}}]},"3":{"line":13,"type":"if","locations":[{"start":{"line":13,"column":345},"end":{"line":13,"column":345}},{"start":{"line":13,"column":345},"end":{"line":13,"column":345}}]},"4":{"line":13,"type":"binary-expr","locations":[{"start":{"line":13,"column":349},"end":{"line":13,"column":352}},{"start":{"line":13,"column":356},"end":{"line":13,"column":368}}]},"5":{"line":13,"type":"if","locations":[{"start":{"line":13,"column":398},"end":{"line":13,"column":398}},{"start":{"line":13,"column":398},"end":{"line":13,"column":398}}]},"6":{"line":17,"type":"if","locations":[{"start":{"line":17,"column":465},"end":{"line":17,"column":465}},{"start":{"line":17,"column":465},"end":{"line":17,"column":465}}]},"7":{"line":17,"type":"if","locations":[{"start":{"line":17,"column":510},"end":{"line":17,"column":510}},{"start":{"line":17,"column":510},"end":{"line":17,"column":510}}]},"8":{"line":29,"type":"if","locations":[{"start":{"line":29,"column":8},"end":{"line":29,"column":8}},{"start":{"line":29,"column":8},"end":{"line":29,"column":8}}]},"9":{"line":45,"type":"if","locations":[{"start":{"line":45,"column":16},"end":{"line":45,"column":16}},{"start":{"line":45,"column":16},"end":{"line":45,"column":16}}]},"10":{"line":69,"type":"if","locations":[{"start":{"line":69,"column":8},"end":{"line":69,"column":8}},{"start":{"line":69,"column":8},"end":{"line":69,"column":8}}]},"11":{"line":85,"type":"if","locations":[{"start":{"line":85,"column":8},"end":{"line":85,"column":8}},{"start":{"line":85,"column":8},"end":{"line":85,"column":8}}]}}}}