TN:
SF:/home/ubuntu/limosa/lib/RouterBuilder/RouterBuilder.js
FN:56,_interopRequireDefault
FN:66,(anonymous_2)
FN:82,(anonymous_3)
FN:91,(anonymous_4)
FN:110,(anonymous_5)
FN:123,(anonymous_6)
FN:143,(anonymous_7)
FN:157,(anonymous_8)
FN:267,buildParts
FN:320,(anonymous_10)
FNF:10
FNH:9
FNDA:11,_interopRequireDefault
FNDA:3,(anonymous_2)
FNDA:19,(anonymous_3)
FNDA:0,(anonymous_4)
FNDA:6,(anonymous_5)
FNDA:3,(anonymous_6)
FNDA:5,(anonymous_7)
FNDA:18,(anonymous_8)
FNDA:23,buildParts
FNDA:1,(anonymous_10)
DA:3,1
DA:6,1
DA:8,1
DA:10,1
DA:12,1
DA:14,1
DA:16,1
DA:18,1
DA:20,1
DA:22,1
DA:24,1
DA:26,1
DA:28,1
DA:30,1
DA:32,1
DA:34,1
DA:36,1
DA:38,1
DA:40,1
DA:42,1
DA:44,1
DA:46,1
DA:48,1
DA:50,1
DA:56,11
DA:61,1
DA:67,3
DA:68,3
DA:69,3
DA:71,3
DA:72,3
DA:73,3
DA:74,3
DA:83,19
DA:84,19
DA:85,19
DA:92,0
DA:93,0
DA:111,6
DA:112,6
DA:113,6
DA:124,3
DA:125,1
DA:126,1
DA:129,3
DA:130,3
DA:131,3
DA:132,3
DA:133,3
DA:144,5
DA:158,18
DA:159,18
DA:160,13
DA:164,18
DA:165,18
DA:167,0
DA:172,18
DA:173,0
DA:174,0
DA:175,0
DA:176,0
DA:178,0
DA:182,18
DA:183,10
DA:184,14
DA:187,8
DA:188,11
DA:192,18
DA:193,18
DA:194,12
DA:197,18
DA:199,18
DA:200,25
DA:201,25
DA:202,25
DA:203,25
DA:205,25
DA:206,2
DA:207,23
DA:208,0
DA:210,23
DA:213,25
DA:215,25
DA:216,2
DA:217,23
DA:219,0
DA:222,25
DA:223,25
DA:224,17
DA:227,8
DA:228,4
DA:231,4
DA:234,25
DA:235,21
DA:236,6
DA:237,6
DA:238,4
DA:239,0
DA:241,2
DA:242,2
DA:244,0
DA:247,6
DA:250,15
DA:251,4
DA:254,11
DA:257,25
DA:258,2
DA:259,23
DA:260,0
DA:263,25
DA:264,25
DA:268,23
DA:269,23
DA:270,23
DA:271,24
DA:272,24
DA:275,24
DA:277,24
DA:278,3
DA:279,3
DA:281,21
DA:284,24
DA:287,23
DA:288,7
DA:291,23
DA:292,0
DA:295,23
DA:296,7
DA:299,16
DA:302,25
DA:303,25
DA:304,11
DA:305,11
DA:306,11
DA:308,14
DA:311,25
DA:314,18
DA:321,1
DA:322,1
DA:325,1
DA:330,1
LF:141
LH:127
BRDA:56,1,0,10
BRDA:56,1,1,1
BRDA:56,2,0,11
BRDA:56,2,1,11
BRDA:94,3,0,0
BRDA:94,3,1,0
BRDA:95,4,0,0
BRDA:95,4,1,0
BRDA:95,5,0,0
BRDA:95,5,1,0
BRDA:96,6,0,0
BRDA:96,6,1,0
BRDA:111,7,0,6
BRDA:111,7,1,3
BRDA:111,8,0,6
BRDA:111,8,1,3
BRDA:111,9,0,6
BRDA:111,9,1,3
BRDA:124,10,0,1
BRDA:124,10,1,2
BRDA:159,11,0,13
BRDA:159,11,1,5
BRDA:164,12,0,18
BRDA:164,12,1,0
BRDA:172,13,0,0
BRDA:172,13,1,18
BRDA:174,14,0,0
BRDA:174,14,1,0
BRDA:175,15,0,0
BRDA:175,15,1,0
BRDA:182,16,0,10
BRDA:182,16,1,8
BRDA:197,17,0,5
BRDA:197,17,1,13
BRDA:205,18,0,2
BRDA:205,18,1,23
BRDA:205,19,0,25
BRDA:205,19,1,19
BRDA:207,20,0,0
BRDA:207,20,1,23
BRDA:207,21,0,23
BRDA:207,21,1,17
BRDA:215,22,0,2
BRDA:215,22,1,23
BRDA:217,23,0,0
BRDA:217,23,1,23
BRDA:223,24,0,17
BRDA:223,24,1,8
BRDA:223,25,0,25
BRDA:223,25,1,19
BRDA:227,26,0,4
BRDA:227,26,1,4
BRDA:235,27,0,6
BRDA:235,27,1,15
BRDA:235,28,0,21
BRDA:235,28,1,14
BRDA:237,29,0,4
BRDA:237,29,1,2
BRDA:238,30,0,0
BRDA:238,30,1,4
BRDA:241,31,0,2
BRDA:241,31,1,0
BRDA:247,32,0,0
BRDA:247,32,1,6
BRDA:250,33,0,4
BRDA:250,33,1,11
BRDA:257,34,0,2
BRDA:257,34,1,23
BRDA:257,35,0,25
BRDA:257,35,1,19
BRDA:259,36,0,0
BRDA:259,36,1,23
BRDA:259,37,0,23
BRDA:259,37,1,17
BRDA:264,38,0,5
BRDA:264,38,1,20
BRDA:271,39,0,24
BRDA:271,39,1,0
BRDA:277,40,0,3
BRDA:277,40,1,21
BRDA:287,41,0,7
BRDA:287,41,1,16
BRDA:291,42,0,0
BRDA:291,42,1,23
BRDA:295,43,0,7
BRDA:295,43,1,16
BRDA:303,44,0,11
BRDA:303,44,1,14
BRDA:305,45,0,5
BRDA:305,45,1,6
BRDA:311,46,0,6
BRDA:311,46,1,19
BRF:92
BRH:70
end_of_record
TN:
SF:/home/ubuntu/limosa/lib/Router.js
FN:24,_interopRequireDefault
FN:33,(anonymous_2)
FN:45,(anonymous_3)
FN:53,(anonymous_4)
FN:65,(anonymous_5)
FN:77,(anonymous_6)
FN:92,(anonymous_7)
FN:164,(anonymous_8)
FN:229,(anonymous_9)
FNF:9
FNH:9
FNDA:3,_interopRequireDefault
FNDA:3,(anonymous_2)
FNDA:11,(anonymous_3)
FNDA:9,(anonymous_4)
FNDA:13,(anonymous_5)
FNDA:22,(anonymous_6)
FNDA:40,(anonymous_7)
FNDA:22,(anonymous_8)
FNDA:3,(anonymous_9)
DA:3,1
DA:6,1
DA:8,1
DA:10,1
DA:12,1
DA:14,1
DA:16,1
DA:18,1
DA:24,3
DA:26,1
DA:27,1
DA:29,1
DA:34,3
DA:35,3
DA:36,3
DA:46,11
DA:54,9
DA:55,6
DA:58,9
DA:66,13
DA:67,0
DA:69,13
DA:78,22
DA:80,22
DA:81,22
DA:93,40
DA:94,40
DA:96,106
DA:97,106
DA:98,0
DA:102,106
DA:103,0
DA:106,106
DA:107,106
DA:108,66
DA:112,40
DA:113,40
DA:115,40
DA:116,18
DA:119,18
DA:121,16
DA:122,16
DA:125,16
DA:126,16
DA:127,16
DA:128,16
DA:129,15
DA:142,18
DA:145,22
DA:148,40
DA:150,40
DA:165,22
DA:166,22
DA:168,22
DA:169,22
DA:171,22
DA:173,22
DA:175,12
DA:176,4
DA:179,12
DA:180,18
DA:181,18
DA:182,17
DA:186,12
DA:187,0
DA:191,22
DA:193,20
DA:194,12
DA:196,12
DA:199,20
DA:200,8
DA:202,8
DA:205,20
DA:206,13
DA:211,22
DA:212,4
DA:215,22
DA:230,3
DA:231,3
DA:232,3
DA:234,0
DA:238,1
LF:82
LH:77
BRDA:24,1,0,3
BRDA:24,1,1,0
BRDA:24,2,0,3
BRDA:24,2,1,3
BRDA:54,3,0,6
BRDA:54,3,1,3
BRDA:66,4,0,0
BRDA:66,4,1,13
BRDA:78,5,0,0
BRDA:78,5,1,22
BRDA:78,6,0,22
BRDA:78,6,1,22
BRDA:97,7,0,0
BRDA:97,7,1,106
BRDA:102,8,0,0
BRDA:102,8,1,106
BRDA:107,9,0,66
BRDA:107,9,1,40
BRDA:115,10,0,18
BRDA:115,10,1,22
BRDA:119,11,0,16
BRDA:119,11,1,2
BRDA:121,12,0,16
BRDA:121,12,1,0
BRDA:128,13,0,15
BRDA:128,13,1,1
BRDA:166,14,0,8
BRDA:166,14,1,14
BRDA:166,15,0,22
BRDA:166,15,1,16
BRDA:173,16,0,12
BRDA:173,16,1,10
BRDA:175,17,0,4
BRDA:175,17,1,8
BRDA:181,18,0,17
BRDA:181,18,1,1
BRDA:186,19,0,0
BRDA:186,19,1,12
BRDA:191,20,0,20
BRDA:191,20,1,2
BRDA:193,21,0,12
BRDA:193,21,1,8
BRDA:199,22,0,8
BRDA:199,22,1,12
BRDA:205,23,0,13
BRDA:205,23,1,7
BRDA:211,24,0,4
BRDA:211,24,1,18
BRDA:211,25,0,22
BRDA:211,25,1,8
BRF:50
BRH:43
end_of_record
TN:
SF:/home/ubuntu/limosa/lib/RouterRoute/Route.js
FN:16,_interopRequireDefault
FN:25,(anonymous_2)
FNF:2
FNH:2
FNDA:1,_interopRequireDefault
FNDA:13,(anonymous_2)
DA:3,1
DA:6,1
DA:8,1
DA:10,1
DA:16,1
DA:18,1
DA:26,13
DA:27,13
DA:28,13
DA:29,13
DA:32,1
LF:11
LH:11
BRDA:16,1,0,1
BRDA:16,1,1,0
BRDA:16,2,0,1
BRDA:16,2,1,1
BRF:4
BRH:3
end_of_record
TN:
SF:/home/ubuntu/limosa/lib/RouterRoute/Common.js
FN:16,_interopRequireDefault
FN:23,(anonymous_2)
FN:31,(anonymous_3)
FN:40,(anonymous_4)
FN:48,(anonymous_5)
FNF:5
FNH:5
FNDA:1,_interopRequireDefault
FNDA:18,(anonymous_2)
FNDA:46,(anonymous_3)
FNDA:125,(anonymous_4)
FNDA:25,(anonymous_5)
DA:3,1
DA:6,1
DA:8,1
DA:10,1
DA:16,1
DA:18,1
DA:24,18
DA:25,18
DA:32,46
DA:41,125
DA:49,25
DA:52,1
LF:12
LH:12
BRDA:16,1,0,1
BRDA:16,1,1,0
BRDA:16,2,0,1
BRDA:16,2,1,1
BRF:4
BRH:3
end_of_record
TN:
SF:/home/ubuntu/limosa/lib/RouterRoute/Lang.js
FN:11,(anonymous_1)
FN:20,(anonymous_2)
FN:31,(anonymous_3)
FNF:3
FNH:3
FNDA:25,(anonymous_1)
FNDA:106,(anonymous_2)
FNDA:21,(anonymous_3)
DA:3,1
DA:6,1
DA:12,25
DA:13,25
DA:21,106
DA:32,21
DA:35,1
LF:7
LH:7
BRF:0
BRH:0
end_of_record
TN:
SF:/home/ubuntu/limosa/lib/RouterRoute/Segment.js
FN:20,_interopRequireDefault
FN:27,(anonymous_2)
FN:37,(anonymous_3)
FNF:3
FNH:2
FNDA:2,_interopRequireDefault
FNDA:5,(anonymous_2)
FNDA:0,(anonymous_3)
DA:3,1
DA:6,1
DA:8,1
DA:10,1
DA:12,1
DA:14,1
DA:20,2
DA:22,1
DA:28,5
DA:29,5
DA:38,0
DA:41,1
LF:12
LH:11
BRDA:20,1,0,2
BRDA:20,1,1,0
BRDA:20,2,0,2
BRDA:20,2,1,2
BRF:4
BRH:3
end_of_record
TN:
SF:/home/ubuntu/limosa/lib/Route.js
FN:15,(anonymous_1)
FNF:1
FNH:1
FNDA:22,(anonymous_1)
DA:3,1
DA:6,1
DA:16,22
DA:17,22
DA:18,22
DA:19,22
DA:20,22
DA:21,22
DA:22,22
DA:25,1
LF:10
LH:10
BRF:0
BRH:0
end_of_record
TN:
SF:/home/ubuntu/limosa/lib/UrlGenerator/UrlGenerator.js
FN:11,(anonymous_1)
FN:23,(anonymous_2)
FNF:2
FNH:2
FNDA:25,(anonymous_1)
FNDA:21,(anonymous_2)
DA:3,1
DA:6,1
DA:12,25
DA:13,25
DA:24,21
DA:26,21
DA:27,17
DA:28,0
DA:29,17
DA:30,11
DA:33,17
DA:34,0
DA:37,17
DA:38,0
DA:40,4
DA:41,0
DA:44,21
DA:47,1
LF:18
LH:14
BRDA:26,1,0,17
BRDA:26,1,1,4
BRDA:27,2,0,0
BRDA:27,2,1,17
BRDA:29,3,0,11
BRDA:29,3,1,6
BRDA:33,4,0,0
BRDA:33,4,1,17
BRDA:37,5,0,0
BRDA:37,5,1,17
BRDA:40,6,0,0
BRDA:40,6,1,4
BRF:12
BRH:8
end_of_record
TN:
SF:/home/ubuntu/limosa/lib/UrlGenerator/UrlGeneratorNamedParamPart.js
FN:11,(anonymous_1)
FN:20,(anonymous_2)
FNF:2
FNH:2
FNDA:21,(anonymous_1)
FNDA:34,(anonymous_2)
DA:3,1
DA:6,1
DA:12,21
DA:13,21
DA:21,34
DA:22,2
DA:25,30
DA:26,8
DA:29,22
DA:33,1
LF:10
LH:10
BRDA:21,1,0,2
BRDA:21,1,1,30
BRDA:25,2,0,8
BRDA:25,2,1,22
BRDA:25,3,0,30
BRDA:25,3,1,25
BRF:6
BRH:6
end_of_record
TN:
SF:/home/ubuntu/limosa/lib/UrlGenerator/UrlGeneratorOptionalGroupPart.js
FN:12,(anonymous_1)
FN:20,(anonymous_2)
FNF:2
FNH:2
FNDA:3,(anonymous_1)
FNDA:7,(anonymous_2)
DA:3,1
DA:6,1
DA:13,3
DA:21,7
DA:22,7
DA:24,4
DA:28,1
LF:7
LH:7
BRF:0
BRH:0
end_of_record
TN:
SF:/home/ubuntu/limosa/lib/UrlGenerator/UrlGeneratorPartArray.js
FN:12,(anonymous_1)
FN:20,(anonymous_2)
FNF:2
FNH:2
FNDA:22,(anonymous_1)
FNDA:36,(anonymous_2)
DA:3,1
DA:6,1
DA:13,22
DA:21,96
DA:25,1
LF:5
LH:5
BRF:0
BRH:0
end_of_record
TN:
SF:/home/ubuntu/limosa/lib/UrlGenerator/UrlGeneratorStringPart.js
FN:10,(anonymous_1)
FN:17,(anonymous_2)
FNF:2
FNH:2
FNDA:31,(anonymous_1)
FNDA:47,(anonymous_2)
DA:3,1
DA:6,1
DA:11,31
DA:18,47
DA:21,1
LF:5
LH:5
BRF:0
BRH:0
end_of_record
TN:
SF:/home/ubuntu/limosa/lib/RouterBuilder/RouterBuilderSegment.js
FN:24,_interopRequireDefault
FN:36,(anonymous_2)
FN:51,(anonymous_3)
FN:67,(anonymous_4)
FN:79,(anonymous_5)
FN:98,(anonymous_6)
FN:109,(anonymous_7)
FNF:7
FNH:6
FNDA:3,_interopRequireDefault
FNDA:5,(anonymous_2)
FNDA:3,(anonymous_3)
FNDA:7,(anonymous_4)
FNDA:4,(anonymous_5)
FNDA:0,(anonymous_6)
FNDA:2,(anonymous_7)
DA:3,1
DA:6,1
DA:8,1
DA:10,1
DA:12,1
DA:14,1
DA:16,1
DA:18,1
DA:24,3
DA:29,1
DA:37,5
DA:38,5
DA:39,5
DA:52,3
DA:53,3
DA:54,3
DA:55,3
DA:68,7
DA:80,4
DA:83,4
DA:84,4
DA:85,4
DA:99,0
DA:110,2
DA:111,2
DA:112,2
DA:115,2
DA:116,2
DA:117,2
DA:118,2
DA:121,1
LF:31
LH:30
BRDA:24,1,0,3
BRDA:24,1,1,0
BRDA:24,2,0,3
BRDA:24,2,1,3
BRDA:68,3,0,7
BRDA:68,3,1,2
BRDA:68,4,0,7
BRDA:68,4,1,2
BRDA:68,5,0,7
BRDA:68,5,1,2
BRDA:110,6,0,2
BRDA:110,6,1,0
BRF:12
BRH:10
end_of_record
TN:
SF:/home/ubuntu/limosa/lib/RoutesTranslations.js
FN:9,(anonymous_1)
FN:13,sliceIterator
FN:17,(anonymous_3)
FN:26,(anonymous_4)
FN:65,(anonymous_5)
FN:81,(anonymous_6)
FNF:6
FNH:5
FNDA:1,(anonymous_1)
FNDA:0,sliceIterator
FNDA:19,(anonymous_3)
FNDA:3,(anonymous_4)
FNDA:20,(anonymous_5)
FNDA:21,(anonymous_6)
DA:3,1
DA:7,1
DA:13,1
DA:17,19
DA:22,1
DA:27,3
DA:29,3
DA:30,0
DA:33,3
DA:34,8
DA:36,8
DA:37,8
DA:39,8
DA:40,11
DA:42,11
DA:43,11
DA:45,11
DA:46,4
DA:52,11
DA:54,11
DA:55,11
DA:66,20
DA:67,20
DA:69,20
DA:70,0
DA:73,20
DA:82,21
DA:83,21
DA:85,21
DA:86,0
DA:89,21
DA:92,1
LF:32
LH:29
BRDA:13,1,0,0
BRDA:13,1,1,0
BRDA:13,2,0,0
BRDA:13,2,1,0
BRDA:13,3,0,0
BRDA:13,3,1,0
BRDA:13,4,0,0
BRDA:13,4,1,0
BRDA:13,5,0,0
BRDA:13,5,1,0
BRDA:17,6,0,19
BRDA:17,6,1,0
BRDA:17,7,0,0
BRDA:17,7,1,0
BRDA:29,8,0,0
BRDA:29,8,1,3
BRDA:45,9,0,4
BRDA:45,9,1,7
BRDA:69,10,0,0
BRDA:69,10,1,20
BRDA:85,11,0,0
BRDA:85,11,1,21
BRF:22
BRH:6
end_of_record
