TN:
SF:/home/ubuntu/limosa/lib/RouterBuilder.js
FN:52,_interopRequireDefault
FN:68,(anonymous_2)
FN:83,(anonymous_3)
FN:99,(anonymous_4)
FN:111,(anonymous_5)
FN:127,(anonymous_6)
FN:144,(anonymous_7)
FN:160,(anonymous_8)
FN:169,(anonymous_9)
FN:188,(anonymous_10)
FN:201,(anonymous_11)
FN:221,(anonymous_12)
FN:235,(anonymous_13)
FN:346,buildParts
FN:395,(anonymous_15)
FNF:15
FNH:13
FNDA:10,_interopRequireDefault
FNDA:1,(anonymous_2)
FNDA:1,(anonymous_3)
FNDA:2,(anonymous_4)
FNDA:1,(anonymous_5)
FNDA:0,(anonymous_6)
FNDA:1,(anonymous_7)
FNDA:14,(anonymous_8)
FNDA:0,(anonymous_9)
FNDA:4,(anonymous_10)
FNDA:1,(anonymous_11)
FNDA:1,(anonymous_12)
FNDA:7,(anonymous_13)
FNDA:14,buildParts
FNDA:1,(anonymous_15)
DA:3,1
DA:6,1
DA:8,1
DA:10,1
DA:12,1
DA:14,1
DA:16,1
DA:18,1
DA:20,1
DA:22,1
DA:24,1
DA:26,1
DA:28,1
DA:30,1
DA:32,1
DA:34,1
DA:36,1
DA:38,1
DA:40,1
DA:42,1
DA:44,1
DA:46,1
DA:52,10
DA:62,1
DA:69,1
DA:70,1
DA:71,1
DA:84,1
DA:85,1
DA:86,1
DA:87,1
DA:100,2
DA:112,1
DA:115,1
DA:116,1
DA:117,1
DA:128,0
DA:129,0
DA:130,0
DA:133,0
DA:134,0
DA:135,0
DA:136,0
DA:139,1
DA:145,1
DA:146,1
DA:147,1
DA:149,1
DA:150,1
DA:151,1
DA:152,1
DA:161,14
DA:162,14
DA:163,14
DA:170,0
DA:171,0
DA:189,4
DA:190,4
DA:191,4
DA:202,1
DA:203,0
DA:204,0
DA:207,1
DA:208,1
DA:209,1
DA:210,1
DA:211,1
DA:222,1
DA:236,7
DA:237,7
DA:238,6
DA:242,7
DA:243,7
DA:245,0
DA:250,7
DA:251,0
DA:252,0
DA:253,0
DA:254,0
DA:256,0
DA:260,7
DA:261,4
DA:262,8
DA:265,3
DA:266,6
DA:270,7
DA:271,7
DA:272,9
DA:276,7
DA:278,7
DA:279,14
DA:280,14
DA:281,14
DA:282,14
DA:284,14
DA:285,2
DA:286,12
DA:287,0
DA:289,12
DA:292,14
DA:294,14
DA:295,2
DA:296,12
DA:298,0
DA:301,14
DA:302,14
DA:303,6
DA:306,8
DA:307,4
DA:310,4
DA:313,14
DA:314,18
DA:315,6
DA:316,6
DA:317,4
DA:318,0
DA:320,2
DA:321,2
DA:323,0
DA:326,6
DA:329,12
DA:330,4
DA:333,8
DA:336,14
DA:337,2
DA:338,12
DA:339,0
DA:342,14
DA:343,14
DA:347,14
DA:348,14
DA:349,14
DA:350,20
DA:351,20
DA:354,20
DA:356,20
DA:357,2
DA:358,2
DA:360,18
DA:363,20
DA:366,14
DA:367,2
DA:370,14
DA:371,0
DA:374,14
DA:377,14
DA:378,14
DA:379,4
DA:380,4
DA:381,4
DA:383,10
DA:386,14
DA:389,7
DA:396,1
DA:397,1
DA:400,1
DA:403,1
LF:157
LH:134
BRDA:52,1,0,9
BRDA:52,1,1,1
BRDA:52,2,0,10
BRDA:52,2,1,10
BRDA:100,3,0,2
BRDA:100,3,1,2
BRDA:100,4,0,2
BRDA:100,4,1,2
BRDA:100,5,0,2
BRDA:100,5,1,2
BRDA:128,6,0,0
BRDA:128,6,1,0
BRDA:172,7,0,0
BRDA:172,7,1,0
BRDA:173,8,0,0
BRDA:173,8,1,0
BRDA:173,9,0,0
BRDA:173,9,1,0
BRDA:174,10,0,0
BRDA:174,10,1,0
BRDA:189,11,0,4
BRDA:189,11,1,3
BRDA:189,12,0,4
BRDA:189,12,1,3
BRDA:189,13,0,4
BRDA:189,13,1,3
BRDA:202,14,0,0
BRDA:202,14,1,1
BRDA:237,15,0,6
BRDA:237,15,1,1
BRDA:242,16,0,7
BRDA:242,16,1,0
BRDA:250,17,0,0
BRDA:250,17,1,7
BRDA:252,18,0,0
BRDA:252,18,1,0
BRDA:253,19,0,0
BRDA:253,19,1,0
BRDA:260,20,0,4
BRDA:260,20,1,3
BRDA:276,21,0,1
BRDA:276,21,1,6
BRDA:284,22,0,2
BRDA:284,22,1,12
BRDA:284,23,0,14
BRDA:284,23,1,12
BRDA:286,24,0,0
BRDA:286,24,1,12
BRDA:286,25,0,12
BRDA:286,25,1,10
BRDA:294,26,0,2
BRDA:294,26,1,12
BRDA:296,27,0,0
BRDA:296,27,1,12
BRDA:302,28,0,6
BRDA:302,28,1,8
BRDA:302,29,0,14
BRDA:302,29,1,12
BRDA:306,30,0,4
BRDA:306,30,1,4
BRDA:314,31,0,6
BRDA:314,31,1,12
BRDA:314,32,0,18
BRDA:314,32,1,14
BRDA:316,33,0,4
BRDA:316,33,1,2
BRDA:317,34,0,0
BRDA:317,34,1,4
BRDA:320,35,0,2
BRDA:320,35,1,0
BRDA:326,36,0,0
BRDA:326,36,1,6
BRDA:329,37,0,4
BRDA:329,37,1,8
BRDA:336,38,0,2
BRDA:336,38,1,12
BRDA:336,39,0,14
BRDA:336,39,1,12
BRDA:338,40,0,0
BRDA:338,40,1,12
BRDA:338,41,0,12
BRDA:338,41,1,10
BRDA:343,42,0,2
BRDA:343,42,1,12
BRDA:350,43,0,20
BRDA:350,43,1,0
BRDA:356,44,0,2
BRDA:356,44,1,18
BRDA:366,45,0,2
BRDA:366,45,1,12
BRDA:370,46,0,0
BRDA:370,46,1,14
BRDA:378,47,0,4
BRDA:378,47,1,10
BRDA:380,48,0,2
BRDA:380,48,1,2
BRDA:386,49,0,2
BRDA:386,49,1,12
BRF:98
BRH:73
end_of_record
TN:
SF:/home/ubuntu/limosa/lib/Router.js
FN:24,_interopRequireDefault
FN:33,(anonymous_2)
FN:45,(anonymous_3)
FN:53,(anonymous_4)
FN:65,(anonymous_5)
FN:74,(anonymous_6)
FN:89,(anonymous_7)
FN:160,(anonymous_8)
FN:225,(anonymous_9)
FNF:9
FNH:9
FNDA:3,_interopRequireDefault
FNDA:1,(anonymous_2)
FNDA:6,(anonymous_3)
FNDA:5,(anonymous_4)
FNDA:6,(anonymous_5)
FNDA:16,(anonymous_6)
FNDA:28,(anonymous_7)
FNDA:16,(anonymous_8)
FNDA:3,(anonymous_9)
DA:3,1
DA:6,1
DA:8,1
DA:10,1
DA:12,1
DA:14,1
DA:16,1
DA:18,1
DA:24,3
DA:26,1
DA:27,1
DA:29,1
DA:34,1
DA:35,1
DA:36,1
DA:46,6
DA:54,5
DA:55,4
DA:58,5
DA:66,6
DA:75,16
DA:77,16
DA:78,16
DA:90,28
DA:91,28
DA:93,82
DA:94,82
DA:95,0
DA:98,82
DA:99,0
DA:102,82
DA:103,82
DA:104,54
DA:108,28
DA:109,28
DA:111,28
DA:112,12
DA:115,12
DA:117,12
DA:118,12
DA:121,12
DA:122,12
DA:123,12
DA:124,12
DA:125,12
DA:138,12
DA:141,16
DA:144,28
DA:146,28
DA:161,16
DA:162,16
DA:164,16
DA:165,16
DA:167,16
DA:169,16
DA:171,10
DA:172,2
DA:175,10
DA:176,12
DA:177,12
DA:178,12
DA:182,10
DA:183,0
DA:187,16
DA:189,14
DA:190,12
DA:192,12
DA:195,14
DA:196,8
DA:198,8
DA:201,14
DA:202,12
DA:207,16
DA:208,4
DA:211,16
DA:226,3
DA:227,3
DA:230,1
LF:78
LH:75
BRDA:24,1,0,3
BRDA:24,1,1,0
BRDA:24,2,0,3
BRDA:24,2,1,3
BRDA:54,3,0,4
BRDA:54,3,1,1
BRDA:75,4,0,0
BRDA:75,4,1,16
BRDA:75,5,0,16
BRDA:75,5,1,16
BRDA:94,6,0,0
BRDA:94,6,1,82
BRDA:98,7,0,0
BRDA:98,7,1,82
BRDA:103,8,0,54
BRDA:103,8,1,28
BRDA:111,9,0,12
BRDA:111,9,1,16
BRDA:115,10,0,12
BRDA:115,10,1,0
BRDA:117,11,0,12
BRDA:117,11,1,0
BRDA:124,12,0,12
BRDA:124,12,1,0
BRDA:162,13,0,2
BRDA:162,13,1,14
BRDA:162,14,0,16
BRDA:162,14,1,14
BRDA:169,15,0,10
BRDA:169,15,1,6
BRDA:171,16,0,2
BRDA:171,16,1,8
BRDA:177,17,0,12
BRDA:177,17,1,0
BRDA:182,18,0,0
BRDA:182,18,1,10
BRDA:187,19,0,14
BRDA:187,19,1,2
BRDA:189,20,0,12
BRDA:189,20,1,2
BRDA:195,21,0,8
BRDA:195,21,1,6
BRDA:201,22,0,12
BRDA:201,22,1,2
BRDA:207,23,0,4
BRDA:207,23,1,12
BRDA:207,24,0,16
BRDA:207,24,1,8
BRF:48
BRH:39
end_of_record
TN:
SF:/home/ubuntu/limosa/lib/RouterRoute/Route.js
FN:16,_interopRequireDefault
FN:25,(anonymous_2)
FNF:2
FNH:2
FNDA:1,_interopRequireDefault
FNDA:6,(anonymous_2)
DA:3,1
DA:6,1
DA:8,1
DA:10,1
DA:16,1
DA:18,1
DA:26,6
DA:27,6
DA:28,6
DA:29,6
DA:32,1
LF:11
LH:11
BRDA:16,1,0,1
BRDA:16,1,1,0
BRDA:16,2,0,1
BRDA:16,2,1,1
BRF:4
BRH:3
end_of_record
TN:
SF:/home/ubuntu/limosa/lib/RouterRoute/Common.js
FN:10,(anonymous_1)
FN:18,(anonymous_2)
FN:26,(anonymous_3)
FN:34,(anonymous_4)
FNF:4
FNH:4
FNDA:7,(anonymous_1)
FNDA:34,(anonymous_2)
FNDA:94,(anonymous_3)
FNDA:14,(anonymous_4)
DA:3,1
DA:6,1
DA:11,7
DA:12,7
DA:19,34
DA:27,94
DA:35,14
DA:38,1
LF:8
LH:8
BRF:0
BRH:0
end_of_record
TN:
SF:/home/ubuntu/limosa/lib/RouterRoute/Segment.js
FN:16,_interopRequireDefault
FN:22,(anonymous_2)
FN:32,(anonymous_3)
FNF:3
FNH:2
FNDA:1,_interopRequireDefault
FNDA:1,(anonymous_2)
FNDA:0,(anonymous_3)
DA:3,1
DA:6,1
DA:8,1
DA:10,1
DA:16,1
DA:18,1
DA:23,1
DA:24,1
DA:33,0
DA:36,1
LF:10
LH:9
BRDA:16,1,0,1
BRDA:16,1,1,0
BRDA:16,2,0,1
BRDA:16,2,1,1
BRF:4
BRH:3
end_of_record
TN:
SF:/home/ubuntu/limosa/lib/Route.js
FN:15,(anonymous_1)
FNF:1
FNH:1
FNDA:16,(anonymous_1)
DA:3,1
DA:6,1
DA:16,16
DA:17,16
DA:18,16
DA:19,16
DA:20,16
DA:21,16
DA:22,16
DA:25,1
LF:10
LH:10
BRF:0
BRH:0
end_of_record
TN:
SF:/home/ubuntu/limosa/lib/RouterRoute/Lang.js
FN:11,(anonymous_1)
FN:20,(anonymous_2)
FN:31,(anonymous_3)
FNF:3
FNH:3
FNDA:14,(anonymous_1)
FNDA:82,(anonymous_2)
FNDA:15,(anonymous_3)
DA:3,1
DA:6,1
DA:12,14
DA:13,14
DA:21,82
DA:32,15
DA:35,1
LF:7
LH:7
BRF:0
BRH:0
end_of_record
TN:
SF:/home/ubuntu/limosa/lib/UrlGenerator/UrlGenerator.js
FN:12,(anonymous_1)
FN:24,(anonymous_2)
FNF:2
FNH:2
FNDA:14,(anonymous_1)
FNDA:15,(anonymous_2)
DA:3,1
DA:6,1
DA:13,14
DA:14,14
DA:25,15
DA:27,15
DA:28,13
DA:29,0
DA:30,13
DA:31,11
DA:34,13
DA:35,0
DA:38,13
DA:39,0
DA:41,2
DA:42,0
DA:45,15
DA:48,1
LF:18
LH:14
BRDA:27,1,0,13
BRDA:27,1,1,2
BRDA:28,2,0,0
BRDA:28,2,1,13
BRDA:30,3,0,11
BRDA:30,3,1,2
BRDA:34,4,0,0
BRDA:34,4,1,13
BRDA:38,5,0,0
BRDA:38,5,1,13
BRDA:41,6,0,0
BRDA:41,6,1,2
BRF:12
BRH:8
end_of_record
TN:
SF:/home/ubuntu/limosa/lib/UrlGenerator/UrlGeneratorNamedParamPart.js
FN:11,(anonymous_1)
FN:20,(anonymous_2)
FNF:2
FNH:2
FNDA:18,(anonymous_1)
FNDA:26,(anonymous_2)
DA:3,1
DA:6,1
DA:12,18
DA:13,18
DA:21,26
DA:22,2
DA:25,24
DA:26,8
DA:29,16
DA:33,1
LF:10
LH:10
BRDA:21,1,0,2
BRDA:21,1,1,24
BRDA:25,2,0,8
BRDA:25,2,1,16
BRDA:25,3,0,24
BRDA:25,3,1,19
BRF:6
BRH:6
end_of_record
TN:
SF:/home/ubuntu/limosa/lib/UrlGenerator/UrlGeneratorOptionalGroupPart.js
FN:11,(anonymous_1)
FN:19,(anonymous_2)
FNF:2
FNH:2
FNDA:2,(anonymous_1)
FNDA:2,(anonymous_2)
DA:3,1
DA:6,1
DA:12,2
DA:20,2
DA:21,2
DA:23,2
DA:27,1
LF:7
LH:7
BRF:0
BRH:0
end_of_record
TN:
SF:/home/ubuntu/limosa/lib/UrlGenerator/UrlGeneratorPartArray.js
FN:11,(anonymous_1)
FN:19,(anonymous_2)
FNF:2
FNH:2
FNDA:16,(anonymous_1)
FNDA:23,(anonymous_2)
DA:3,1
DA:6,1
DA:12,16
DA:20,64
DA:24,1
LF:5
LH:5
BRF:0
BRH:0
end_of_record
TN:
SF:/home/ubuntu/limosa/lib/UrlGenerator/UrlGeneratorStringPart.js
FN:10,(anonymous_1)
FN:17,(anonymous_2)
FNF:2
FNH:2
FNDA:22,(anonymous_1)
FNDA:30,(anonymous_2)
DA:3,1
DA:6,1
DA:11,22
DA:18,30
DA:21,1
LF:5
LH:5
BRF:0
BRH:0
end_of_record
TN:
SF:/home/ubuntu/limosa/lib/RoutesTranslations.js
FN:5,(anonymous_1)
FN:9,sliceIterator
FN:13,(anonymous_3)
FN:25,(anonymous_4)
FN:64,(anonymous_5)
FN:80,(anonymous_6)
FNF:6
FNH:5
FNDA:1,(anonymous_1)
FNDA:0,sliceIterator
FNDA:9,(anonymous_3)
FNDA:1,(anonymous_4)
FNDA:15,(anonymous_5)
FNDA:21,(anonymous_6)
DA:3,1
DA:9,1
DA:13,9
DA:15,1
DA:21,1
DA:26,1
DA:28,1
DA:29,0
DA:32,1
DA:33,3
DA:35,3
DA:36,3
DA:38,3
DA:39,6
DA:41,6
DA:42,6
DA:44,6
DA:45,2
DA:51,6
DA:53,6
DA:54,6
DA:65,15
DA:66,15
DA:68,15
DA:69,0
DA:72,15
DA:81,21
DA:82,21
DA:84,21
DA:85,0
DA:88,21
DA:91,1
LF:32
LH:29
BRDA:9,1,0,0
BRDA:9,1,1,0
BRDA:9,2,0,0
BRDA:9,2,1,0
BRDA:9,3,0,0
BRDA:9,3,1,0
BRDA:9,4,0,0
BRDA:9,4,1,0
BRDA:9,5,0,0
BRDA:9,5,1,0
BRDA:13,6,0,9
BRDA:13,6,1,0
BRDA:13,7,0,0
BRDA:13,7,1,0
BRDA:28,8,0,0
BRDA:28,8,1,1
BRDA:44,9,0,2
BRDA:44,9,1,4
BRDA:68,10,0,0
BRDA:68,10,1,15
BRDA:84,11,0,0
BRDA:84,11,1,21
BRF:22
BRH:6
end_of_record
